{"/Users/skaisser/Sites/node-stratum-pool/lib/algoProperties-sha256.js": {"path":"/Users/skaisser/Sites/node-stratum-pool/lib/algoProperties-sha256.js","statementMap":{"0":{"start":{"line":7,"column":13},"end":{"line":7,"column":39}},"1":{"start":{"line":8,"column":11},"end":{"line":8,"column":31}},"2":{"start":{"line":14,"column":12},"end":{"line":14,"column":93}},"3":{"start":{"line":20,"column":12},"end":{"line":60,"column":1}},"4":{"start":{"line":36,"column":12},"end":{"line":38,"column":13}},"5":{"start":{"line":37,"column":16},"end":{"line":37,"column":59}},"6":{"start":{"line":50,"column":29},"end":{"line":50,"column":39}},"7":{"start":{"line":51,"column":29},"end":{"line":51,"column":39}},"8":{"start":{"line":54,"column":12},"end":{"line":54,"column":59}},"9":{"start":{"line":54,"column":38},"end":{"line":54,"column":59}},"10":{"start":{"line":55,"column":12},"end":{"line":55,"column":59}},"11":{"start":{"line":55,"column":38},"end":{"line":55,"column":59}},"12":{"start":{"line":57,"column":12},"end":{"line":57,"column":27}}},"fnMap":{"0":{"name":"(anonymous_0)","decl":{"start":{"line":35,"column":14},"end":{"line":35,"column":15}},"loc":{"start":{"line":35,"column":24},"end":{"line":39,"column":9}},"line":35},"1":{"name":"(anonymous_1)","decl":{"start":{"line":36,"column":19},"end":{"line":36,"column":20}},"loc":{"start":{"line":36,"column":29},"end":{"line":38,"column":13}},"line":36},"2":{"name":"(anonymous_2)","decl":{"start":{"line":49,"column":28},"end":{"line":49,"column":29}},"loc":{"start":{"line":49,"column":46},"end":{"line":58,"column":9}},"line":49}},"branchMap":{"0":{"loc":{"start":{"line":54,"column":12},"end":{"line":54,"column":59}},"type":"if","locations":[{"start":{"line":54,"column":12},"end":{"line":54,"column":59}},{"start":{},"end":{}}],"line":54},"1":{"loc":{"start":{"line":55,"column":12},"end":{"line":55,"column":59}},"type":"if","locations":[{"start":{"line":55,"column":12},"end":{"line":55,"column":59}},{"start":{},"end":{}}],"line":55}},"s":{"0":1,"1":1,"2":1,"3":1,"4":3,"5":5,"6":3,"7":3,"8":3,"9":1,"10":3,"11":1,"12":3},"f":{"0":3,"1":5,"2":3},"b":{"0":[1,2],"1":[1,2]},"_coverageSchema":"1a1c01bbd47fc00a2c39e90264f33305004495a9","hash":"61afdcc5373f9bd9e4ac0ce02030ca2bd8bb5369"}
,"/Users/skaisser/Sites/node-stratum-pool/lib/bignum-compat.js": {"path":"/Users/skaisser/Sites/node-stratum-pool/lib/bignum-compat.js","statementMap":{"0":{"start":{"line":18,"column":8},"end":{"line":29,"column":9}},"1":{"start":{"line":19,"column":12},"end":{"line":19,"column":37}},"2":{"start":{"line":20,"column":15},"end":{"line":29,"column":9}},"3":{"start":{"line":22,"column":12},"end":{"line":22,"column":95}},"4":{"start":{"line":23,"column":15},"end":{"line":29,"column":9}},"5":{"start":{"line":24,"column":12},"end":{"line":24,"column":39}},"6":{"start":{"line":25,"column":15},"end":{"line":29,"column":9}},"7":{"start":{"line":26,"column":12},"end":{"line":26,"column":31}},"8":{"start":{"line":28,"column":12},"end":{"line":28,"column":67}},"9":{"start":{"line":43,"column":41},"end":{"line":43,"column":48}},"10":{"start":{"line":44,"column":18},"end":{"line":44,"column":20}},"11":{"start":{"line":46,"column":8},"end":{"line":52,"column":9}},"12":{"start":{"line":48,"column":29},"end":{"line":48,"column":58}},"13":{"start":{"line":49,"column":12},"end":{"line":49,"column":43}},"14":{"start":{"line":51,"column":12},"end":{"line":51,"column":41}},"15":{"start":{"line":55,"column":8},"end":{"line":57,"column":9}},"16":{"start":{"line":56,"column":12},"end":{"line":56,"column":39}},"17":{"start":{"line":59,"column":8},"end":{"line":59,"column":41}},"18":{"start":{"line":72,"column":46},"end":{"line":72,"column":53}},"19":{"start":{"line":73,"column":18},"end":{"line":73,"column":41}},"20":{"start":{"line":76,"column":8},"end":{"line":78,"column":9}},"21":{"start":{"line":77,"column":12},"end":{"line":77,"column":28}},"22":{"start":{"line":80,"column":21},"end":{"line":80,"column":44}},"23":{"start":{"line":83,"column":8},"end":{"line":86,"column":9}},"24":{"start":{"line":84,"column":28},"end":{"line":84,"column":62}},"25":{"start":{"line":85,"column":12},"end":{"line":85,"column":54}},"26":{"start":{"line":88,"column":8},"end":{"line":90,"column":9}},"27":{"start":{"line":89,"column":12},"end":{"line":89,"column":38}},"28":{"start":{"line":92,"column":8},"end":{"line":92,"column":22}},"29":{"start":{"line":103,"column":8},"end":{"line":106,"column":9}},"30":{"start":{"line":107,"column":8},"end":{"line":107,"column":34}},"31":{"start":{"line":118,"column":27},"end":{"line":118,"column":86}},"32":{"start":{"line":119,"column":8},"end":{"line":119,"column":57}},"33":{"start":{"line":124,"column":20},"end":{"line":124,"column":88}},"34":{"start":{"line":125,"column":8},"end":{"line":125,"column":51}},"35":{"start":{"line":136,"column":27},"end":{"line":136,"column":86}},"36":{"start":{"line":137,"column":8},"end":{"line":137,"column":40}},"37":{"start":{"line":142,"column":27},"end":{"line":142,"column":86}},"38":{"start":{"line":143,"column":8},"end":{"line":143,"column":39}},"39":{"start":{"line":148,"column":27},"end":{"line":148,"column":86}},"40":{"start":{"line":149,"column":8},"end":{"line":149,"column":39}},"41":{"start":{"line":154,"column":27},"end":{"line":154,"column":86}},"42":{"start":{"line":155,"column":8},"end":{"line":155,"column":57}},"43":{"start":{"line":160,"column":27},"end":{"line":160,"column":86}},"44":{"start":{"line":161,"column":8},"end":{"line":161,"column":57}},"45":{"start":{"line":166,"column":27},"end":{"line":166,"column":86}},"46":{"start":{"line":167,"column":8},"end":{"line":167,"column":57}},"47":{"start":{"line":172,"column":27},"end":{"line":172,"column":86}},"48":{"start":{"line":173,"column":8},"end":{"line":173,"column":57}},"49":{"start":{"line":178,"column":25},"end":{"line":178,"column":81}},"50":{"start":{"line":179,"column":8},"end":{"line":179,"column":56}},"51":{"start":{"line":184,"column":25},"end":{"line":184,"column":81}},"52":{"start":{"line":185,"column":8},"end":{"line":185,"column":56}},"53":{"start":{"line":196,"column":8},"end":{"line":196,"column":41}},"54":{"start":{"line":210,"column":4},"end":{"line":210,"column":41}},"55":{"start":{"line":214,"column":0},"end":{"line":214,"column":44}},"56":{"start":{"line":217,"column":0},"end":{"line":217,"column":24}}},"fnMap":{"0":{"name":"(anonymous_0)","decl":{"start":{"line":17,"column":4},"end":{"line":17,"column":5}},"loc":{"start":{"line":17,"column":29},"end":{"line":30,"column":5}},"line":17},"1":{"name":"(anonymous_1)","decl":{"start":{"line":42,"column":4},"end":{"line":42,"column":5}},"loc":{"start":{"line":42,"column":44},"end":{"line":60,"column":5}},"line":42},"2":{"name":"(anonymous_2)","decl":{"start":{"line":71,"column":4},"end":{"line":71,"column":5}},"loc":{"start":{"line":71,"column":27},"end":{"line":93,"column":5}},"line":71},"3":{"name":"(anonymous_3)","decl":{"start":{"line":102,"column":4},"end":{"line":102,"column":5}},"loc":{"start":{"line":102,"column":15},"end":{"line":108,"column":5}},"line":102},"4":{"name":"(anonymous_4)","decl":{"start":{"line":117,"column":4},"end":{"line":117,"column":5}},"loc":{"start":{"line":117,"column":15},"end":{"line":120,"column":5}},"line":117},"5":{"name":"(anonymous_5)","decl":{"start":{"line":123,"column":4},"end":{"line":123,"column":5}},"loc":{"start":{"line":123,"column":18},"end":{"line":126,"column":5}},"line":123},"6":{"name":"(anonymous_6)","decl":{"start":{"line":135,"column":4},"end":{"line":135,"column":5}},"loc":{"start":{"line":135,"column":14},"end":{"line":138,"column":5}},"line":135},"7":{"name":"(anonymous_7)","decl":{"start":{"line":141,"column":4},"end":{"line":141,"column":5}},"loc":{"start":{"line":141,"column":14},"end":{"line":144,"column":5}},"line":141},"8":{"name":"(anonymous_8)","decl":{"start":{"line":147,"column":4},"end":{"line":147,"column":5}},"loc":{"start":{"line":147,"column":14},"end":{"line":150,"column":5}},"line":147},"9":{"name":"(anonymous_9)","decl":{"start":{"line":153,"column":4},"end":{"line":153,"column":5}},"loc":{"start":{"line":153,"column":15},"end":{"line":156,"column":5}},"line":153},"10":{"name":"(anonymous_10)","decl":{"start":{"line":159,"column":4},"end":{"line":159,"column":5}},"loc":{"start":{"line":159,"column":15},"end":{"line":162,"column":5}},"line":159},"11":{"name":"(anonymous_11)","decl":{"start":{"line":165,"column":4},"end":{"line":165,"column":5}},"loc":{"start":{"line":165,"column":15},"end":{"line":168,"column":5}},"line":165},"12":{"name":"(anonymous_12)","decl":{"start":{"line":171,"column":4},"end":{"line":171,"column":5}},"loc":{"start":{"line":171,"column":15},"end":{"line":174,"column":5}},"line":171},"13":{"name":"(anonymous_13)","decl":{"start":{"line":177,"column":4},"end":{"line":177,"column":5}},"loc":{"start":{"line":177,"column":20},"end":{"line":180,"column":5}},"line":177},"14":{"name":"(anonymous_14)","decl":{"start":{"line":183,"column":4},"end":{"line":183,"column":5}},"loc":{"start":{"line":183,"column":21},"end":{"line":186,"column":5}},"line":183},"15":{"name":"(anonymous_15)","decl":{"start":{"line":195,"column":4},"end":{"line":195,"column":5}},"loc":{"start":{"line":195,"column":24},"end":{"line":197,"column":5}},"line":195},"16":{"name":"bignum","decl":{"start":{"line":209,"column":9},"end":{"line":209,"column":15}},"loc":{"start":{"line":209,"column":29},"end":{"line":211,"column":1}},"line":209}},"branchMap":{"0":{"loc":{"start":{"line":18,"column":8},"end":{"line":29,"column":9}},"type":"if","locations":[{"start":{"line":18,"column":8},"end":{"line":29,"column":9}},{"start":{"line":20,"column":15},"end":{"line":29,"column":9}}],"line":18},"1":{"loc":{"start":{"line":20,"column":15},"end":{"line":29,"column":9}},"type":"if","locations":[{"start":{"line":20,"column":15},"end":{"line":29,"column":9}},{"start":{"line":23,"column":15},"end":{"line":29,"column":9}}],"line":20},"2":{"loc":{"start":{"line":20,"column":19},"end":{"line":20,"column":52}},"type":"binary-expr","locations":[{"start":{"line":20,"column":19},"end":{"line":20,"column":44}},{"start":{"line":20,"column":48},"end":{"line":20,"column":52}}],"line":20},"3":{"loc":{"start":{"line":22,"column":32},"end":{"line":22,"column":93}},"type":"cond-expr","locations":[{"start":{"line":22,"column":46},"end":{"line":22,"column":58}},{"start":{"line":22,"column":61},"end":{"line":22,"column":93}}],"line":22},"4":{"loc":{"start":{"line":23,"column":15},"end":{"line":29,"column":9}},"type":"if","locations":[{"start":{"line":23,"column":15},"end":{"line":29,"column":9}},{"start":{"line":25,"column":15},"end":{"line":29,"column":9}}],"line":23},"5":{"loc":{"start":{"line":23,"column":19},"end":{"line":23,"column":73}},"type":"binary-expr","locations":[{"start":{"line":23,"column":19},"end":{"line":23,"column":44}},{"start":{"line":23,"column":48},"end":{"line":23,"column":73}}],"line":23},"6":{"loc":{"start":{"line":25,"column":15},"end":{"line":29,"column":9}},"type":"if","locations":[{"start":{"line":25,"column":15},"end":{"line":29,"column":9}},{"start":{"line":27,"column":15},"end":{"line":29,"column":9}}],"line":25},"7":{"loc":{"start":{"line":42,"column":30},"end":{"line":42,"column":42}},"type":"default-arg","locations":[{"start":{"line":42,"column":40},"end":{"line":42,"column":42}}],"line":42},"8":{"loc":{"start":{"line":43,"column":16},"end":{"line":43,"column":30}},"type":"default-arg","locations":[{"start":{"line":43,"column":25},"end":{"line":43,"column":30}}],"line":43},"9":{"loc":{"start":{"line":46,"column":8},"end":{"line":52,"column":9}},"type":"if","locations":[{"start":{"line":46,"column":8},"end":{"line":52,"column":9}},{"start":{"line":50,"column":15},"end":{"line":52,"column":9}}],"line":46},"10":{"loc":{"start":{"line":55,"column":8},"end":{"line":57,"column":9}},"type":"if","locations":[{"start":{"line":55,"column":8},"end":{"line":57,"column":9}},{"start":{},"end":{}}],"line":55},"11":{"loc":{"start":{"line":55,"column":12},"end":{"line":55,"column":38}},"type":"binary-expr","locations":[{"start":{"line":55,"column":12},"end":{"line":55,"column":22}},{"start":{"line":55,"column":26},"end":{"line":55,"column":38}}],"line":55},"12":{"loc":{"start":{"line":71,"column":13},"end":{"line":71,"column":25}},"type":"default-arg","locations":[{"start":{"line":71,"column":23},"end":{"line":71,"column":25}}],"line":71},"13":{"loc":{"start":{"line":72,"column":16},"end":{"line":72,"column":30}},"type":"default-arg","locations":[{"start":{"line":72,"column":25},"end":{"line":72,"column":30}}],"line":72},"14":{"loc":{"start":{"line":72,"column":32},"end":{"line":72,"column":41}},"type":"default-arg","locations":[{"start":{"line":72,"column":39},"end":{"line":72,"column":41}}],"line":72},"15":{"loc":{"start":{"line":76,"column":8},"end":{"line":78,"column":9}},"type":"if","locations":[{"start":{"line":76,"column":8},"end":{"line":78,"column":9}},{"start":{},"end":{}}],"line":76},"16":{"loc":{"start":{"line":83,"column":8},"end":{"line":86,"column":9}},"type":"if","locations":[{"start":{"line":83,"column":8},"end":{"line":86,"column":9}},{"start":{},"end":{}}],"line":83},"17":{"loc":{"start":{"line":88,"column":8},"end":{"line":90,"column":9}},"type":"if","locations":[{"start":{"line":88,"column":8},"end":{"line":90,"column":9}},{"start":{},"end":{}}],"line":88},"18":{"loc":{"start":{"line":103,"column":8},"end":{"line":106,"column":9}},"type":"if","locations":[{"start":{"line":103,"column":8},"end":{"line":106,"column":9}},{"start":{},"end":{}}],"line":103},"19":{"loc":{"start":{"line":118,"column":27},"end":{"line":118,"column":86}},"type":"cond-expr","locations":[{"start":{"line":118,"column":59},"end":{"line":118,"column":70}},{"start":{"line":118,"column":73},"end":{"line":118,"column":86}}],"line":118},"20":{"loc":{"start":{"line":124,"column":20},"end":{"line":124,"column":88}},"type":"cond-expr","locations":[{"start":{"line":124,"column":55},"end":{"line":124,"column":69}},{"start":{"line":124,"column":72},"end":{"line":124,"column":88}}],"line":124},"21":{"loc":{"start":{"line":136,"column":27},"end":{"line":136,"column":86}},"type":"cond-expr","locations":[{"start":{"line":136,"column":59},"end":{"line":136,"column":70}},{"start":{"line":136,"column":73},"end":{"line":136,"column":86}}],"line":136},"22":{"loc":{"start":{"line":142,"column":27},"end":{"line":142,"column":86}},"type":"cond-expr","locations":[{"start":{"line":142,"column":59},"end":{"line":142,"column":70}},{"start":{"line":142,"column":73},"end":{"line":142,"column":86}}],"line":142},"23":{"loc":{"start":{"line":148,"column":27},"end":{"line":148,"column":86}},"type":"cond-expr","locations":[{"start":{"line":148,"column":59},"end":{"line":148,"column":70}},{"start":{"line":148,"column":73},"end":{"line":148,"column":86}}],"line":148},"24":{"loc":{"start":{"line":154,"column":27},"end":{"line":154,"column":86}},"type":"cond-expr","locations":[{"start":{"line":154,"column":59},"end":{"line":154,"column":70}},{"start":{"line":154,"column":73},"end":{"line":154,"column":86}}],"line":154},"25":{"loc":{"start":{"line":160,"column":27},"end":{"line":160,"column":86}},"type":"cond-expr","locations":[{"start":{"line":160,"column":59},"end":{"line":160,"column":70}},{"start":{"line":160,"column":73},"end":{"line":160,"column":86}}],"line":160},"26":{"loc":{"start":{"line":166,"column":27},"end":{"line":166,"column":86}},"type":"cond-expr","locations":[{"start":{"line":166,"column":59},"end":{"line":166,"column":70}},{"start":{"line":166,"column":73},"end":{"line":166,"column":86}}],"line":166},"27":{"loc":{"start":{"line":172,"column":27},"end":{"line":172,"column":86}},"type":"cond-expr","locations":[{"start":{"line":172,"column":59},"end":{"line":172,"column":70}},{"start":{"line":172,"column":73},"end":{"line":172,"column":86}}],"line":172},"28":{"loc":{"start":{"line":178,"column":25},"end":{"line":178,"column":81}},"type":"cond-expr","locations":[{"start":{"line":178,"column":56},"end":{"line":178,"column":66}},{"start":{"line":178,"column":69},"end":{"line":178,"column":81}}],"line":178},"29":{"loc":{"start":{"line":184,"column":25},"end":{"line":184,"column":81}},"type":"cond-expr","locations":[{"start":{"line":184,"column":56},"end":{"line":184,"column":66}},{"start":{"line":184,"column":69},"end":{"line":184,"column":81}}],"line":184},"30":{"loc":{"start":{"line":195,"column":13},"end":{"line":195,"column":22}},"type":"default-arg","locations":[{"start":{"line":195,"column":20},"end":{"line":195,"column":22}}],"line":195}},"s":{"0":63,"1":1,"2":62,"3":14,"4":48,"5":36,"6":12,"7":12,"8":0,"9":5,"10":5,"11":5,"12":1,"13":1,"14":4,"15":5,"16":1,"17":4,"18":3,"19":3,"20":3,"21":0,"22":3,"23":3,"24":2,"25":2,"26":3,"27":1,"28":3,"29":2,"30":2,"31":2,"32":2,"33":1,"34":1,"35":1,"36":1,"37":2,"38":2,"39":1,"40":1,"41":3,"42":3,"43":1,"44":1,"45":1,"46":1,"47":1,"48":1,"49":1,"50":1,"51":1,"52":1,"53":12,"54":47,"55":6,"56":6},"f":{"0":63,"1":5,"2":3,"3":2,"4":2,"5":1,"6":1,"7":2,"8":1,"9":3,"10":1,"11":1,"12":1,"13":1,"14":1,"15":12,"16":47},"b":{"0":[1,62],"1":[14,48],"2":[62,16],"3":[14,0],"4":[36,12],"5":[48,14],"6":[12,0],"7":[4],"8":[4],"9":[1,4],"10":[1,4],"11":[5,4],"12":[1],"13":[2],"14":[1],"15":[0,3],"16":[2,1],"17":[1,2],"18":[1,1],"19":[1,1],"20":[0,1],"21":[1,0],"22":[2,0],"23":[1,0],"24":[2,1],"25":[1,0],"26":[1,0],"27":[1,0],"28":[0,1],"29":[0,1],"30":[5]},"_coverageSchema":"1a1c01bbd47fc00a2c39e90264f33305004495a9","hash":"dcf5e0f889e77ac3a810ee3697539d8c948561cf"}
,"/Users/skaisser/Sites/node-stratum-pool/lib/blockTemplate.js": {"path":"/Users/skaisser/Sites/node-stratum-pool/lib/blockTemplate.js","statementMap":{"0":{"start":{"line":1,"column":13},"end":{"line":1,"column":39}},"1":{"start":{"line":3,"column":17},"end":{"line":3,"column":43}},"2":{"start":{"line":4,"column":19},"end":{"line":4,"column":47}},"3":{"start":{"line":5,"column":11},"end":{"line":5,"column":31}},"4":{"start":{"line":22,"column":20},"end":{"line":213,"column":1}},"5":{"start":{"line":26,"column":18},"end":{"line":26,"column":20}},"6":{"start":{"line":29,"column":8},"end":{"line":31,"column":11}},"7":{"start":{"line":30,"column":12},"end":{"line":30,"column":40}},"8":{"start":{"line":35,"column":23},"end":{"line":40,"column":10}},"9":{"start":{"line":36,"column":12},"end":{"line":38,"column":13}},"10":{"start":{"line":37,"column":16},"end":{"line":37,"column":59}},"11":{"start":{"line":39,"column":12},"end":{"line":39,"column":55}},"12":{"start":{"line":41,"column":8},"end":{"line":41,"column":39}},"13":{"start":{"line":45,"column":8},"end":{"line":45,"column":65}},"14":{"start":{"line":45,"column":42},"end":{"line":45,"column":65}},"15":{"start":{"line":47,"column":8},"end":{"line":53,"column":10}},"16":{"start":{"line":50,"column":20},"end":{"line":50,"column":50}},"17":{"start":{"line":58,"column":4},"end":{"line":58,"column":27}},"18":{"start":{"line":59,"column":4},"end":{"line":59,"column":23}},"19":{"start":{"line":62,"column":4},"end":{"line":62,"column":34}},"20":{"start":{"line":64,"column":4},"end":{"line":64,"column":33}},"21":{"start":{"line":65,"column":4},"end":{"line":65,"column":33}},"22":{"start":{"line":67,"column":4},"end":{"line":69,"column":45}},"23":{"start":{"line":72,"column":22},"end":{"line":72,"column":98}},"24":{"start":{"line":73,"column":23},"end":{"line":73,"column":40}},"25":{"start":{"line":74,"column":26},"end":{"line":74,"column":37}},"26":{"start":{"line":75,"column":27},"end":{"line":75,"column":73}},"27":{"start":{"line":76,"column":4},"end":{"line":76,"column":53}},"28":{"start":{"line":82,"column":4},"end":{"line":82,"column":113}},"29":{"start":{"line":83,"column":4},"end":{"line":85,"column":8}},"30":{"start":{"line":84,"column":8},"end":{"line":84,"column":43}},"31":{"start":{"line":86,"column":4},"end":{"line":86,"column":82}},"32":{"start":{"line":87,"column":4},"end":{"line":87,"column":63}},"33":{"start":{"line":88,"column":4},"end":{"line":95,"column":6}},"34":{"start":{"line":105,"column":4},"end":{"line":112,"column":6}},"35":{"start":{"line":106,"column":8},"end":{"line":111,"column":11}},"36":{"start":{"line":125,"column":4},"end":{"line":138,"column":6}},"37":{"start":{"line":127,"column":22},"end":{"line":127,"column":38}},"38":{"start":{"line":128,"column":23},"end":{"line":128,"column":24}},"39":{"start":{"line":129,"column":8},"end":{"line":129,"column":48}},"40":{"start":{"line":130,"column":8},"end":{"line":130,"column":60}},"41":{"start":{"line":131,"column":8},"end":{"line":131,"column":53}},"42":{"start":{"line":132,"column":8},"end":{"line":132,"column":59}},"43":{"start":{"line":133,"column":8},"end":{"line":133,"column":75}},"44":{"start":{"line":135,"column":8},"end":{"line":135,"column":72}},"45":{"start":{"line":136,"column":21},"end":{"line":136,"column":47}},"46":{"start":{"line":137,"column":8},"end":{"line":137,"column":22}},"47":{"start":{"line":148,"column":4},"end":{"line":161,"column":6}},"48":{"start":{"line":149,"column":8},"end":{"line":160,"column":11}},"49":{"start":{"line":173,"column":4},"end":{"line":180,"column":6}},"50":{"start":{"line":174,"column":25},"end":{"line":174,"column":66}},"51":{"start":{"line":175,"column":8},"end":{"line":178,"column":9}},"52":{"start":{"line":176,"column":12},"end":{"line":176,"column":37}},"53":{"start":{"line":177,"column":12},"end":{"line":177,"column":24}},"54":{"start":{"line":179,"column":8},"end":{"line":179,"column":21}},"55":{"start":{"line":197,"column":4},"end":{"line":212,"column":6}},"56":{"start":{"line":198,"column":8},"end":{"line":210,"column":9}},"57":{"start":{"line":199,"column":12},"end":{"line":209,"column":14}},"58":{"start":{"line":211,"column":8},"end":{"line":211,"column":30}}},"fnMap":{"0":{"name":"BlockTemplate","decl":{"start":{"line":22,"column":46},"end":{"line":22,"column":59}},"loc":{"start":{"line":22,"column":149},"end":{"line":213,"column":1}},"line":22},"1":{"name":"getMerkleHashes","decl":{"start":{"line":28,"column":13},"end":{"line":28,"column":28}},"loc":{"start":{"line":28,"column":35},"end":{"line":32,"column":5}},"line":28},"2":{"name":"(anonymous_2)","decl":{"start":{"line":29,"column":25},"end":{"line":29,"column":26}},"loc":{"start":{"line":29,"column":39},"end":{"line":31,"column":9}},"line":29},"3":{"name":"getTransactionBuffers","decl":{"start":{"line":34,"column":13},"end":{"line":34,"column":34}},"loc":{"start":{"line":34,"column":39},"end":{"line":42,"column":5}},"line":34},"4":{"name":"(anonymous_4)","decl":{"start":{"line":35,"column":31},"end":{"line":35,"column":32}},"loc":{"start":{"line":35,"column":43},"end":{"line":40,"column":9}},"line":35},"5":{"name":"getVoteData","decl":{"start":{"line":44,"column":13},"end":{"line":44,"column":24}},"loc":{"start":{"line":44,"column":26},"end":{"line":54,"column":5}},"line":44},"6":{"name":"(anonymous_6)","decl":{"start":{"line":49,"column":34},"end":{"line":49,"column":35}},"loc":{"start":{"line":49,"column":48},"end":{"line":51,"column":17}},"line":49},"7":{"name":"(anonymous_7)","decl":{"start":{"line":83,"column":66},"end":{"line":83,"column":67}},"loc":{"start":{"line":83,"column":78},"end":{"line":85,"column":5}},"line":83},"8":{"name":"(anonymous_8)","decl":{"start":{"line":105,"column":29},"end":{"line":105,"column":30}},"loc":{"start":{"line":105,"column":63},"end":{"line":112,"column":5}},"line":105},"9":{"name":"(anonymous_9)","decl":{"start":{"line":125,"column":27},"end":{"line":125,"column":28}},"loc":{"start":{"line":125,"column":70},"end":{"line":138,"column":5}},"line":125},"10":{"name":"(anonymous_10)","decl":{"start":{"line":148,"column":26},"end":{"line":148,"column":27}},"loc":{"start":{"line":148,"column":52},"end":{"line":161,"column":5}},"line":148},"11":{"name":"(anonymous_11)","decl":{"start":{"line":173,"column":26},"end":{"line":173,"column":27}},"loc":{"start":{"line":173,"column":74},"end":{"line":180,"column":5}},"line":173},"12":{"name":"(anonymous_12)","decl":{"start":{"line":197,"column":24},"end":{"line":197,"column":25}},"loc":{"start":{"line":197,"column":34},"end":{"line":212,"column":5}},"line":197}},"branchMap":{"0":{"loc":{"start":{"line":36,"column":12},"end":{"line":38,"column":13}},"type":"if","locations":[{"start":{"line":36,"column":12},"end":{"line":38,"column":13}},{"start":{},"end":{}}],"line":36},"1":{"loc":{"start":{"line":45,"column":8},"end":{"line":45,"column":65}},"type":"if","locations":[{"start":{"line":45,"column":8},"end":{"line":45,"column":65}},{"start":{},"end":{}}],"line":45},"2":{"loc":{"start":{"line":67,"column":18},"end":{"line":69,"column":44}},"type":"cond-expr","locations":[{"start":{"line":68,"column":8},"end":{"line":68,"column":34}},{"start":{"line":69,"column":8},"end":{"line":69,"column":44}}],"line":67},"3":{"loc":{"start":{"line":135,"column":29},"end":{"line":135,"column":55}},"type":"binary-expr","locations":[{"start":{"line":135,"column":29},"end":{"line":135,"column":36}},{"start":{"line":135,"column":40},"end":{"line":135,"column":55}}],"line":135},"4":{"loc":{"start":{"line":159,"column":12},"end":{"line":159,"column":65}},"type":"cond-expr","locations":[{"start":{"line":159,"column":31},"end":{"line":159,"column":47}},{"start":{"line":159,"column":50},"end":{"line":159,"column":65}}],"line":159},"5":{"loc":{"start":{"line":175,"column":8},"end":{"line":178,"column":9}},"type":"if","locations":[{"start":{"line":175,"column":8},"end":{"line":178,"column":9}},{"start":{},"end":{}}],"line":175},"6":{"loc":{"start":{"line":198,"column":8},"end":{"line":210,"column":9}},"type":"if","locations":[{"start":{"line":198,"column":8},"end":{"line":210,"column":9}},{"start":{},"end":{}}],"line":198}},"s":{"0":1,"1":1,"2":1,"3":1,"4":1,"5":8,"6":8,"7":1,"8":8,"9":1,"10":1,"11":0,"12":8,"13":1,"14":1,"15":0,"16":0,"17":8,"18":8,"19":8,"20":8,"21":8,"22":8,"23":8,"24":8,"25":8,"26":8,"27":8,"28":8,"29":8,"30":1,"31":8,"32":8,"33":8,"34":8,"35":2,"36":8,"37":0,"38":0,"39":0,"40":0,"41":0,"42":0,"43":0,"44":0,"45":0,"46":0,"47":8,"48":1,"49":8,"50":2,"51":2,"52":1,"53":1,"54":1,"55":8,"56":1,"57":1,"58":1},"f":{"0":8,"1":8,"2":1,"3":8,"4":1,"5":1,"6":0,"7":1,"8":2,"9":0,"10":1,"11":2,"12":1},"b":{"0":[1,0],"1":[1,0],"2":[8,0],"3":[0,0],"4":[0,1],"5":[1,1],"6":[1,0]},"_coverageSchema":"1a1c01bbd47fc00a2c39e90264f33305004495a9","hash":"891ab70ce25643968ee94786cfe7b2c1b3a7bfb3"}
,"/Users/skaisser/Sites/node-stratum-pool/lib/daemon.js": {"path":"/Users/skaisser/Sites/node-stratum-pool/lib/daemon.js","statementMap":{"0":{"start":{"line":1,"column":11},"end":{"line":1,"column":26}},"1":{"start":{"line":2,"column":9},"end":{"line":2,"column":33}},"2":{"start":{"line":3,"column":13},"end":{"line":3,"column":30}},"3":{"start":{"line":5,"column":12},"end":{"line":5,"column":28}},"4":{"start":{"line":8,"column":24},"end":{"line":8,"column":29}},"5":{"start":{"line":9,"column":20},"end":{"line":9,"column":21}},"6":{"start":{"line":10,"column":20},"end":{"line":10,"column":24}},"7":{"start":{"line":13,"column":28},"end":{"line":36,"column":1}},"8":{"start":{"line":58,"column":16},"end":{"line":58,"column":20}},"9":{"start":{"line":59,"column":4},"end":{"line":61,"column":6}},"10":{"start":{"line":60,"column":8},"end":{"line":60,"column":47}},"11":{"start":{"line":64,"column":20},"end":{"line":68,"column":8}},"12":{"start":{"line":65,"column":8},"end":{"line":66,"column":36}},"13":{"start":{"line":65,"column":21},"end":{"line":65,"column":22}},"14":{"start":{"line":66,"column":12},"end":{"line":66,"column":36}},"15":{"start":{"line":67,"column":8},"end":{"line":67,"column":23}},"16":{"start":{"line":72,"column":8},"end":{"line":75,"column":11}},"17":{"start":{"line":73,"column":12},"end":{"line":74,"column":37}},"18":{"start":{"line":74,"column":16},"end":{"line":74,"column":37}},"19":{"start":{"line":79,"column":8},"end":{"line":86,"column":11}},"20":{"start":{"line":80,"column":28},"end":{"line":82,"column":14}},"21":{"start":{"line":81,"column":16},"end":{"line":81,"column":38}},"22":{"start":{"line":83,"column":12},"end":{"line":83,"column":32}},"23":{"start":{"line":84,"column":12},"end":{"line":85,"column":56}},"24":{"start":{"line":85,"column":16},"end":{"line":85,"column":56}},"25":{"start":{"line":92,"column":8},"end":{"line":94,"column":9}},"26":{"start":{"line":93,"column":12},"end":{"line":93,"column":66}},"27":{"start":{"line":97,"column":8},"end":{"line":99,"column":9}},"28":{"start":{"line":98,"column":12},"end":{"line":98,"column":76}},"29":{"start":{"line":102,"column":8},"end":{"line":104,"column":9}},"30":{"start":{"line":103,"column":12},"end":{"line":103,"column":74}},"31":{"start":{"line":107,"column":8},"end":{"line":128,"column":9}},"32":{"start":{"line":107,"column":21},"end":{"line":107,"column":22}},"33":{"start":{"line":108,"column":24},"end":{"line":108,"column":33}},"34":{"start":{"line":111,"column":12},"end":{"line":120,"column":13}},"35":{"start":{"line":113,"column":16},"end":{"line":115,"column":17}},"36":{"start":{"line":114,"column":20},"end":{"line":114,"column":90}},"37":{"start":{"line":117,"column":16},"end":{"line":119,"column":17}},"38":{"start":{"line":118,"column":20},"end":{"line":118,"column":73}},"39":{"start":{"line":123,"column":12},"end":{"line":127,"column":13}},"40":{"start":{"line":124,"column":16},"end":{"line":126,"column":17}},"41":{"start":{"line":125,"column":20},"end":{"line":125,"column":79}},"42":{"start":{"line":130,"column":8},"end":{"line":130,"column":31}},"43":{"start":{"line":134,"column":8},"end":{"line":134,"column":37}},"44":{"start":{"line":136,"column":22},"end":{"line":146,"column":9}},"45":{"start":{"line":148,"column":24},"end":{"line":172,"column":9}},"46":{"start":{"line":151,"column":12},"end":{"line":154,"column":13}},"47":{"start":{"line":152,"column":16},"end":{"line":152,"column":94}},"48":{"start":{"line":153,"column":16},"end":{"line":153,"column":23}},"49":{"start":{"line":156,"column":12},"end":{"line":169,"column":13}},"50":{"start":{"line":157,"column":16},"end":{"line":157,"column":44}},"51":{"start":{"line":160,"column":16},"end":{"line":164,"column":17}},"52":{"start":{"line":161,"column":20},"end":{"line":161,"column":57}},"53":{"start":{"line":162,"column":20},"end":{"line":162,"column":41}},"54":{"start":{"line":163,"column":20},"end":{"line":163,"column":27}},"55":{"start":{"line":165,"column":16},"end":{"line":167,"column":49}},"56":{"start":{"line":170,"column":12},"end":{"line":171,"column":57}},"57":{"start":{"line":171,"column":16},"end":{"line":171,"column":57}},"58":{"start":{"line":174,"column":18},"end":{"line":183,"column":10}},"59":{"start":{"line":175,"column":23},"end":{"line":175,"column":25}},"60":{"start":{"line":176,"column":12},"end":{"line":176,"column":36}},"61":{"start":{"line":177,"column":12},"end":{"line":179,"column":15}},"62":{"start":{"line":178,"column":16},"end":{"line":178,"column":30}},"63":{"start":{"line":180,"column":12},"end":{"line":182,"column":15}},"64":{"start":{"line":181,"column":16},"end":{"line":181,"column":37}},"65":{"start":{"line":185,"column":8},"end":{"line":198,"column":11}},"66":{"start":{"line":186,"column":12},"end":{"line":197,"column":13}},"67":{"start":{"line":187,"column":16},"end":{"line":187,"column":70}},"68":{"start":{"line":188,"column":19},"end":{"line":197,"column":13}},"69":{"start":{"line":190,"column":28},"end":{"line":190,"column":65}},"70":{"start":{"line":191,"column":16},"end":{"line":191,"column":134}},"71":{"start":{"line":192,"column":16},"end":{"line":194,"column":26}},"72":{"start":{"line":193,"column":20},"end":{"line":193,"column":85}},"73":{"start":{"line":196,"column":16},"end":{"line":196,"column":76}},"74":{"start":{"line":200,"column":8},"end":{"line":203,"column":11}},"75":{"start":{"line":201,"column":12},"end":{"line":201,"column":24}},"76":{"start":{"line":202,"column":12},"end":{"line":202,"column":78}},"77":{"start":{"line":205,"column":8},"end":{"line":205,"column":26}},"78":{"start":{"line":220,"column":26},"end":{"line":220,"column":28}},"79":{"start":{"line":222,"column":8},"end":{"line":235,"column":9}},"80":{"start":{"line":222,"column":21},"end":{"line":222,"column":22}},"81":{"start":{"line":224,"column":29},"end":{"line":224,"column":74}},"82":{"start":{"line":225,"column":12},"end":{"line":228,"column":13}},"83":{"start":{"line":226,"column":16},"end":{"line":226,"column":86}},"84":{"start":{"line":227,"column":16},"end":{"line":227,"column":23}},"85":{"start":{"line":230,"column":12},"end":{"line":234,"column":15}},"86":{"start":{"line":237,"column":32},"end":{"line":237,"column":59}},"87":{"start":{"line":239,"column":8},"end":{"line":241,"column":11}},"88":{"start":{"line":240,"column":12},"end":{"line":240,"column":36}},"89":{"start":{"line":250,"column":25},"end":{"line":250,"column":54}},"90":{"start":{"line":251,"column":8},"end":{"line":259,"column":9}},"91":{"start":{"line":252,"column":24},"end":{"line":252,"column":77}},"92":{"start":{"line":253,"column":12},"end":{"line":257,"column":13}},"93":{"start":{"line":254,"column":16},"end":{"line":254,"column":73}},"94":{"start":{"line":256,"column":16},"end":{"line":256,"column":75}},"95":{"start":{"line":258,"column":12},"end":{"line":258,"column":19}},"96":{"start":{"line":261,"column":22},"end":{"line":261,"column":24}},"97":{"start":{"line":263,"column":8},"end":{"line":294,"column":11}},"98":{"start":{"line":265,"column":31},"end":{"line":277,"column":13}},"99":{"start":{"line":267,"column":32},"end":{"line":271,"column":17}},"100":{"start":{"line":272,"column":16},"end":{"line":272,"column":57}},"101":{"start":{"line":272,"column":35},"end":{"line":272,"column":57}},"102":{"start":{"line":273,"column":16},"end":{"line":274,"column":45}},"103":{"start":{"line":273,"column":35},"end":{"line":273,"column":55}},"104":{"start":{"line":274,"column":21},"end":{"line":274,"column":45}},"105":{"start":{"line":275,"column":16},"end":{"line":275,"column":31}},"106":{"start":{"line":276,"column":16},"end":{"line":276,"column":44}},"107":{"start":{"line":279,"column":30},"end":{"line":283,"column":14}},"108":{"start":{"line":285,"column":12},"end":{"line":287,"column":15}},"109":{"start":{"line":286,"column":16},"end":{"line":286,"column":50}},"110":{"start":{"line":291,"column":12},"end":{"line":293,"column":13}},"111":{"start":{"line":292,"column":16},"end":{"line":292,"column":34}},"112":{"start":{"line":308,"column":4},"end":{"line":308,"column":21}},"113":{"start":{"line":316,"column":4},"end":{"line":316,"column":29}},"114":{"start":{"line":328,"column":4},"end":{"line":328,"column":19}},"115":{"start":{"line":337,"column":4},"end":{"line":337,"column":29}},"116":{"start":{"line":340,"column":0},"end":{"line":340,"column":68}},"117":{"start":{"line":342,"column":0},"end":{"line":342,"column":36}}},"fnMap":{"0":{"name":"DaemonInterface","decl":{"start":{"line":55,"column":9},"end":{"line":55,"column":24}},"loc":{"start":{"line":55,"column":41},"end":{"line":338,"column":1}},"line":55},"1":{"name":"(anonymous_1)","decl":{"start":{"line":59,"column":23},"end":{"line":59,"column":24}},"loc":{"start":{"line":59,"column":50},"end":{"line":61,"column":5}},"line":59},"2":{"name":"(anonymous_2)","decl":{"start":{"line":64,"column":21},"end":{"line":64,"column":22}},"loc":{"start":{"line":64,"column":31},"end":{"line":68,"column":5}},"line":64},"3":{"name":"init","decl":{"start":{"line":71,"column":13},"end":{"line":71,"column":17}},"loc":{"start":{"line":71,"column":19},"end":{"line":76,"column":5}},"line":71},"4":{"name":"(anonymous_4)","decl":{"start":{"line":72,"column":17},"end":{"line":72,"column":18}},"loc":{"start":{"line":72,"column":33},"end":{"line":75,"column":9}},"line":72},"5":{"name":"isOnline","decl":{"start":{"line":78,"column":13},"end":{"line":78,"column":21}},"loc":{"start":{"line":78,"column":31},"end":{"line":87,"column":5}},"line":78},"6":{"name":"(anonymous_6)","decl":{"start":{"line":79,"column":31},"end":{"line":79,"column":32}},"loc":{"start":{"line":79,"column":48},"end":{"line":86,"column":9}},"line":79},"7":{"name":"(anonymous_7)","decl":{"start":{"line":80,"column":42},"end":{"line":80,"column":43}},"loc":{"start":{"line":80,"column":58},"end":{"line":82,"column":13}},"line":80},"8":{"name":"validateInput","decl":{"start":{"line":90,"column":13},"end":{"line":90,"column":26}},"loc":{"start":{"line":90,"column":43},"end":{"line":131,"column":5}},"line":90},"9":{"name":"performHttpRequest","decl":{"start":{"line":133,"column":13},"end":{"line":133,"column":31}},"loc":{"start":{"line":133,"column":73},"end":{"line":206,"column":5}},"line":133},"10":{"name":"(anonymous_10)","decl":{"start":{"line":148,"column":24},"end":{"line":148,"column":25}},"loc":{"start":{"line":148,"column":43},"end":{"line":172,"column":9}},"line":148},"11":{"name":"(anonymous_11)","decl":{"start":{"line":174,"column":40},"end":{"line":174,"column":41}},"loc":{"start":{"line":174,"column":54},"end":{"line":183,"column":9}},"line":174},"12":{"name":"(anonymous_12)","decl":{"start":{"line":177,"column":27},"end":{"line":177,"column":28}},"loc":{"start":{"line":177,"column":44},"end":{"line":179,"column":13}},"line":177},"13":{"name":"(anonymous_13)","decl":{"start":{"line":180,"column":26},"end":{"line":180,"column":27}},"loc":{"start":{"line":180,"column":36},"end":{"line":182,"column":13}},"line":180},"14":{"name":"(anonymous_14)","decl":{"start":{"line":185,"column":24},"end":{"line":185,"column":25}},"loc":{"start":{"line":185,"column":36},"end":{"line":198,"column":9}},"line":185},"15":{"name":"(anonymous_15)","decl":{"start":{"line":192,"column":27},"end":{"line":192,"column":28}},"loc":{"start":{"line":192,"column":38},"end":{"line":194,"column":17}},"line":192},"16":{"name":"(anonymous_16)","decl":{"start":{"line":200,"column":26},"end":{"line":200,"column":27}},"loc":{"start":{"line":200,"column":37},"end":{"line":203,"column":9}},"line":200},"17":{"name":"batchCmd","decl":{"start":{"line":218,"column":13},"end":{"line":218,"column":21}},"loc":{"start":{"line":218,"column":41},"end":{"line":243,"column":5}},"line":218},"18":{"name":"(anonymous_18)","decl":{"start":{"line":239,"column":60},"end":{"line":239,"column":61}},"loc":{"start":{"line":239,"column":83},"end":{"line":241,"column":9}},"line":239},"19":{"name":"cmd","decl":{"start":{"line":248,"column":13},"end":{"line":248,"column":16}},"loc":{"start":{"line":248,"column":72},"end":{"line":296,"column":5}},"line":248},"20":{"name":"(anonymous_20)","decl":{"start":{"line":263,"column":30},"end":{"line":263,"column":31}},"loc":{"start":{"line":263,"column":62},"end":{"line":290,"column":9}},"line":263},"21":{"name":"(anonymous_21)","decl":{"start":{"line":265,"column":31},"end":{"line":265,"column":32}},"loc":{"start":{"line":265,"column":60},"end":{"line":277,"column":13}},"line":265},"22":{"name":"(anonymous_22)","decl":{"start":{"line":276,"column":31},"end":{"line":276,"column":32}},"loc":{"start":{"line":276,"column":41},"end":{"line":276,"column":43}},"line":276},"23":{"name":"(anonymous_23)","decl":{"start":{"line":285,"column":54},"end":{"line":285,"column":55}},"loc":{"start":{"line":285,"column":83},"end":{"line":287,"column":13}},"line":285},"24":{"name":"(anonymous_24)","decl":{"start":{"line":290,"column":11},"end":{"line":290,"column":12}},"loc":{"start":{"line":290,"column":21},"end":{"line":294,"column":9}},"line":290}},"branchMap":{"0":{"loc":{"start":{"line":59,"column":13},"end":{"line":61,"column":5}},"type":"binary-expr","locations":[{"start":{"line":59,"column":13},"end":{"line":59,"column":19}},{"start":{"line":59,"column":23},"end":{"line":61,"column":5}}],"line":59},"1":{"loc":{"start":{"line":73,"column":12},"end":{"line":74,"column":37}},"type":"if","locations":[{"start":{"line":73,"column":12},"end":{"line":74,"column":37}},{"start":{},"end":{}}],"line":73},"2":{"loc":{"start":{"line":84,"column":12},"end":{"line":85,"column":56}},"type":"if","locations":[{"start":{"line":84,"column":12},"end":{"line":85,"column":56}},{"start":{},"end":{}}],"line":84},"3":{"loc":{"start":{"line":92,"column":8},"end":{"line":94,"column":9}},"type":"if","locations":[{"start":{"line":92,"column":8},"end":{"line":94,"column":9}},{"start":{},"end":{}}],"line":92},"4":{"loc":{"start":{"line":92,"column":12},"end":{"line":92,"column":61}},"type":"binary-expr","locations":[{"start":{"line":92,"column":12},"end":{"line":92,"column":38}},{"start":{"line":92,"column":42},"end":{"line":92,"column":61}}],"line":92},"5":{"loc":{"start":{"line":97,"column":8},"end":{"line":99,"column":9}},"type":"if","locations":[{"start":{"line":97,"column":8},"end":{"line":99,"column":9}},{"start":{},"end":{}}],"line":97},"6":{"loc":{"start":{"line":102,"column":8},"end":{"line":104,"column":9}},"type":"if","locations":[{"start":{"line":102,"column":8},"end":{"line":104,"column":9}},{"start":{},"end":{}}],"line":102},"7":{"loc":{"start":{"line":111,"column":12},"end":{"line":120,"column":13}},"type":"if","locations":[{"start":{"line":111,"column":12},"end":{"line":120,"column":13}},{"start":{},"end":{}}],"line":111},"8":{"loc":{"start":{"line":113,"column":16},"end":{"line":115,"column":17}},"type":"if","locations":[{"start":{"line":113,"column":16},"end":{"line":115,"column":17}},{"start":{},"end":{}}],"line":113},"9":{"loc":{"start":{"line":113,"column":20},"end":{"line":113,"column":64}},"type":"binary-expr","locations":[{"start":{"line":113,"column":20},"end":{"line":113,"column":40}},{"start":{"line":113,"column":44},"end":{"line":113,"column":64}}],"line":113},"10":{"loc":{"start":{"line":117,"column":16},"end":{"line":119,"column":17}},"type":"if","locations":[{"start":{"line":117,"column":16},"end":{"line":119,"column":17}},{"start":{},"end":{}}],"line":117},"11":{"loc":{"start":{"line":123,"column":12},"end":{"line":127,"column":13}},"type":"if","locations":[{"start":{"line":123,"column":12},"end":{"line":127,"column":13}},{"start":{},"end":{}}],"line":123},"12":{"loc":{"start":{"line":124,"column":16},"end":{"line":126,"column":17}},"type":"if","locations":[{"start":{"line":124,"column":16},"end":{"line":126,"column":17}},{"start":{},"end":{}}],"line":124},"13":{"loc":{"start":{"line":134,"column":21},"end":{"line":134,"column":36}},"type":"binary-expr","locations":[{"start":{"line":134,"column":21},"end":{"line":134,"column":31}},{"start":{"line":134,"column":35},"end":{"line":134,"column":36}}],"line":134},"14":{"loc":{"start":{"line":137,"column":23},"end":{"line":137,"column":90}},"type":"cond-expr","locations":[{"start":{"line":137,"column":63},"end":{"line":137,"column":74}},{"start":{"line":137,"column":77},"end":{"line":137,"column":90}}],"line":137},"15":{"loc":{"start":{"line":151,"column":12},"end":{"line":154,"column":13}},"type":"if","locations":[{"start":{"line":151,"column":12},"end":{"line":154,"column":13}},{"start":{},"end":{}}],"line":151},"16":{"loc":{"start":{"line":160,"column":16},"end":{"line":164,"column":17}},"type":"if","locations":[{"start":{"line":160,"column":16},"end":{"line":164,"column":17}},{"start":{},"end":{}}],"line":160},"17":{"loc":{"start":{"line":170,"column":12},"end":{"line":171,"column":57}},"type":"if","locations":[{"start":{"line":170,"column":12},"end":{"line":171,"column":57}},{"start":{},"end":{}}],"line":170},"18":{"loc":{"start":{"line":186,"column":12},"end":{"line":197,"column":13}},"type":"if","locations":[{"start":{"line":186,"column":12},"end":{"line":197,"column":13}},{"start":{"line":188,"column":19},"end":{"line":197,"column":13}}],"line":186},"19":{"loc":{"start":{"line":188,"column":19},"end":{"line":197,"column":13}},"type":"if","locations":[{"start":{"line":188,"column":19},"end":{"line":197,"column":13}},{"start":{"line":195,"column":19},"end":{"line":197,"column":13}}],"line":188},"20":{"loc":{"start":{"line":188,"column":23},"end":{"line":188,"column":107}},"type":"binary-expr","locations":[{"start":{"line":188,"column":24},"end":{"line":188,"column":46}},{"start":{"line":188,"column":50},"end":{"line":188,"column":78}},{"start":{"line":188,"column":83},"end":{"line":188,"column":107}}],"line":188},"21":{"loc":{"start":{"line":225,"column":12},"end":{"line":228,"column":13}},"type":"if","locations":[{"start":{"line":225,"column":12},"end":{"line":228,"column":13}},{"start":{},"end":{}}],"line":225},"22":{"loc":{"start":{"line":251,"column":8},"end":{"line":259,"column":9}},"type":"if","locations":[{"start":{"line":251,"column":8},"end":{"line":259,"column":9}},{"start":{},"end":{}}],"line":251},"23":{"loc":{"start":{"line":253,"column":12},"end":{"line":257,"column":13}},"type":"if","locations":[{"start":{"line":253,"column":12},"end":{"line":257,"column":13}},{"start":{"line":255,"column":19},"end":{"line":257,"column":13}}],"line":253},"24":{"loc":{"start":{"line":269,"column":31},"end":{"line":269,"column":43}},"type":"binary-expr","locations":[{"start":{"line":269,"column":31},"end":{"line":269,"column":37}},{"start":{"line":269,"column":41},"end":{"line":269,"column":43}}],"line":269},"25":{"loc":{"start":{"line":272,"column":16},"end":{"line":272,"column":57}},"type":"if","locations":[{"start":{"line":272,"column":16},"end":{"line":272,"column":57}},{"start":{},"end":{}}],"line":272},"26":{"loc":{"start":{"line":273,"column":16},"end":{"line":274,"column":45}},"type":"if","locations":[{"start":{"line":273,"column":16},"end":{"line":274,"column":45}},{"start":{"line":274,"column":21},"end":{"line":274,"column":45}}],"line":273},"27":{"loc":{"start":{"line":291,"column":12},"end":{"line":293,"column":13}},"type":"if","locations":[{"start":{"line":291,"column":12},"end":{"line":293,"column":13}},{"start":{},"end":{}}],"line":291}},"s":{"0":1,"1":1,"2":1,"3":1,"4":1,"5":1,"6":1,"7":1,"8":5,"9":5,"10":0,"11":5,"12":5,"13":5,"14":4,"15":5,"16":0,"17":0,"18":0,"19":1,"20":1,"21":0,"22":1,"23":0,"24":0,"25":5,"26":0,"27":5,"28":0,"29":5,"30":0,"31":5,"32":5,"33":0,"34":0,"35":0,"36":0,"37":0,"38":0,"39":0,"40":0,"41":0,"42":5,"43":4,"44":4,"45":4,"46":0,"47":0,"48":0,"49":0,"50":0,"51":0,"52":0,"53":0,"54":0,"55":0,"56":0,"57":0,"58":4,"59":0,"60":0,"61":0,"62":0,"63":0,"64":0,"65":4,"66":0,"67":0,"68":0,"69":0,"70":0,"71":0,"72":0,"73":0,"74":4,"75":0,"76":0,"77":4,"78":0,"79":0,"80":0,"81":0,"82":0,"83":0,"84":0,"85":0,"86":0,"87":0,"88":0,"89":5,"90":5,"91":0,"92":0,"93":0,"94":0,"95":0,"96":5,"97":5,"98":4,"99":0,"100":0,"101":0,"102":0,"103":0,"104":0,"105":0,"106":0,"107":4,"108":4,"109":0,"110":1,"111":1,"112":5,"113":5,"114":5,"115":5,"116":1,"117":1},"f":{"0":5,"1":0,"2":5,"3":0,"4":0,"5":1,"6":1,"7":0,"8":5,"9":4,"10":0,"11":0,"12":0,"13":0,"14":0,"15":0,"16":0,"17":0,"18":0,"19":5,"20":4,"21":0,"22":0,"23":0,"24":1},"b":{"0":[5,5],"1":[0,0],"2":[0,0],"3":[0,5],"4":[5,5],"5":[0,5],"6":[0,5],"7":[0,0],"8":[0,0],"9":[0,0],"10":[0,0],"11":[0,0],"12":[0,0],"13":[4,4],"14":[0,4],"15":[0,0],"16":[0,0],"17":[0,0],"18":[0,0],"19":[0,0],"20":[0,0,0],"21":[0,0],"22":[0,5],"23":[0,0],"24":[0,0],"25":[0,0],"26":[0,0],"27":[1,0]},"_coverageSchema":"1a1c01bbd47fc00a2c39e90264f33305004495a9","hash":"b3f9c084a4e8d07b845b8932855678d92fe33cf5"}
,"/Users/skaisser/Sites/node-stratum-pool/lib/index.js": {"path":"/Users/skaisser/Sites/node-stratum-pool/lib/index.js","statementMap":{"0":{"start":{"line":33,"column":10},"end":{"line":33,"column":24}},"1":{"start":{"line":34,"column":13},"end":{"line":34,"column":30}},"2":{"start":{"line":37,"column":0},"end":{"line":37,"column":31}},"3":{"start":{"line":39,"column":11},"end":{"line":39,"column":31}},"4":{"start":{"line":45,"column":0},"end":{"line":45,"column":40}},"5":{"start":{"line":51,"column":0},"end":{"line":51,"column":42}},"6":{"start":{"line":61,"column":0},"end":{"line":64,"column":2}},"7":{"start":{"line":62,"column":18},"end":{"line":62,"column":52}},"8":{"start":{"line":63,"column":4},"end":{"line":63,"column":19}}},"fnMap":{"0":{"name":"(anonymous_0)","decl":{"start":{"line":61,"column":21},"end":{"line":61,"column":22}},"loc":{"start":{"line":61,"column":55},"end":{"line":64,"column":1}},"line":61}},"branchMap":{},"s":{"0":0,"1":0,"2":0,"3":0,"4":0,"5":0,"6":0,"7":0,"8":0},"f":{"0":0},"b":{}}
,"/Users/skaisser/Sites/node-stratum-pool/lib/jobManager.js": {"path":"/Users/skaisser/Sites/node-stratum-pool/lib/jobManager.js","statementMap":{"0":{"start":{"line":1,"column":13},"end":{"line":1,"column":30}},"1":{"start":{"line":2,"column":13},"end":{"line":2,"column":30}},"2":{"start":{"line":4,"column":13},"end":{"line":4,"column":39}},"3":{"start":{"line":8,"column":12},"end":{"line":8,"column":42}},"4":{"start":{"line":9,"column":11},"end":{"line":9,"column":31}},"5":{"start":{"line":10,"column":20},"end":{"line":10,"column":49}},"6":{"start":{"line":11,"column":19},"end":{"line":11,"column":47}},"7":{"start":{"line":22,"column":24},"end":{"line":39,"column":1}},"8":{"start":{"line":24,"column":21},"end":{"line":24,"column":78}},"9":{"start":{"line":25,"column":18},"end":{"line":25,"column":34}},"10":{"start":{"line":33,"column":4},"end":{"line":36,"column":6}},"11":{"start":{"line":34,"column":25},"end":{"line":34,"column":63}},"12":{"start":{"line":35,"column":8},"end":{"line":35,"column":42}},"13":{"start":{"line":38,"column":4},"end":{"line":38,"column":18}},"14":{"start":{"line":47,"column":17},"end":{"line":72,"column":1}},"15":{"start":{"line":48,"column":18},"end":{"line":48,"column":19}},"16":{"start":{"line":56,"column":4},"end":{"line":61,"column":6}},"17":{"start":{"line":57,"column":8},"end":{"line":57,"column":18}},"18":{"start":{"line":58,"column":8},"end":{"line":59,"column":24}},"19":{"start":{"line":59,"column":12},"end":{"line":59,"column":24}},"20":{"start":{"line":60,"column":8},"end":{"line":60,"column":26}},"21":{"start":{"line":69,"column":4},"end":{"line":71,"column":6}},"22":{"start":{"line":70,"column":8},"end":{"line":70,"column":36}},"23":{"start":{"line":94,"column":17},"end":{"line":466,"column":1}},"24":{"start":{"line":99,"column":16},"end":{"line":99,"column":20}},"25":{"start":{"line":100,"column":21},"end":{"line":100,"column":37}},"26":{"start":{"line":102,"column":26},"end":{"line":102,"column":66}},"27":{"start":{"line":106,"column":4},"end":{"line":106,"column":71}},"28":{"start":{"line":107,"column":4},"end":{"line":107,"column":72}},"29":{"start":{"line":108,"column":4},"end":{"line":108,"column":91}},"30":{"start":{"line":110,"column":4},"end":{"line":110,"column":20}},"31":{"start":{"line":111,"column":4},"end":{"line":111,"column":24}},"32":{"start":{"line":113,"column":21},"end":{"line":113,"column":69}},"33":{"start":{"line":115,"column":25},"end":{"line":127,"column":8}},"34":{"start":{"line":116,"column":8},"end":{"line":126,"column":9}},"35":{"start":{"line":120,"column":16},"end":{"line":123,"column":39}},"36":{"start":{"line":121,"column":20},"end":{"line":121,"column":40}},"37":{"start":{"line":123,"column":20},"end":{"line":123,"column":39}},"38":{"start":{"line":125,"column":16},"end":{"line":125,"column":36}},"39":{"start":{"line":130,"column":22},"end":{"line":153,"column":8}},"40":{"start":{"line":131,"column":8},"end":{"line":152,"column":9}},"41":{"start":{"line":133,"column":16},"end":{"line":137,"column":17}},"42":{"start":{"line":134,"column":20},"end":{"line":136,"column":22}},"43":{"start":{"line":135,"column":24},"end":{"line":135,"column":85}},"44":{"start":{"line":139,"column":16},"end":{"line":143,"column":17}},"45":{"start":{"line":140,"column":20},"end":{"line":142,"column":22}},"46":{"start":{"line":141,"column":24},"end":{"line":141,"column":85}},"47":{"start":{"line":145,"column":16},"end":{"line":147,"column":18}},"48":{"start":{"line":146,"column":20},"end":{"line":146,"column":63}},"49":{"start":{"line":149,"column":16},"end":{"line":151,"column":18}},"50":{"start":{"line":150,"column":20},"end":{"line":150,"column":81}},"51":{"start":{"line":164,"column":4},"end":{"line":184,"column":6}},"52":{"start":{"line":166,"column":31},"end":{"line":174,"column":9}},"53":{"start":{"line":176,"column":8},"end":{"line":176,"column":44}},"54":{"start":{"line":178,"column":8},"end":{"line":178,"column":59}},"55":{"start":{"line":180,"column":8},"end":{"line":180,"column":67}},"56":{"start":{"line":182,"column":8},"end":{"line":182,"column":20}},"57":{"start":{"line":195,"column":4},"end":{"line":230,"column":6}},"58":{"start":{"line":199,"column":25},"end":{"line":199,"column":65}},"59":{"start":{"line":200,"column":8},"end":{"line":206,"column":9}},"60":{"start":{"line":201,"column":12},"end":{"line":201,"column":30}},"61":{"start":{"line":204,"column":12},"end":{"line":205,"column":29}},"62":{"start":{"line":205,"column":16},"end":{"line":205,"column":29}},"63":{"start":{"line":208,"column":8},"end":{"line":208,"column":38}},"64":{"start":{"line":208,"column":25},"end":{"line":208,"column":38}},"65":{"start":{"line":211,"column":31},"end":{"line":219,"column":9}},"66":{"start":{"line":221,"column":8},"end":{"line":221,"column":43}},"67":{"start":{"line":223,"column":8},"end":{"line":223,"column":28}},"68":{"start":{"line":224,"column":8},"end":{"line":224,"column":49}},"69":{"start":{"line":226,"column":8},"end":{"line":226,"column":66}},"70":{"start":{"line":228,"column":8},"end":{"line":228,"column":20}},"71":{"start":{"line":254,"column":4},"end":{"line":465,"column":6}},"72":{"start":{"line":255,"column":25},"end":{"line":264,"column":9}},"73":{"start":{"line":256,"column":12},"end":{"line":262,"column":15}},"74":{"start":{"line":263,"column":12},"end":{"line":263,"column":48}},"75":{"start":{"line":266,"column":25},"end":{"line":266,"column":46}},"76":{"start":{"line":268,"column":8},"end":{"line":269,"column":69}},"77":{"start":{"line":269,"column":12},"end":{"line":269,"column":69}},"78":{"start":{"line":271,"column":18},"end":{"line":271,"column":39}},"79":{"start":{"line":273,"column":8},"end":{"line":275,"column":9}},"80":{"start":{"line":274,"column":12},"end":{"line":274,"column":53}},"81":{"start":{"line":277,"column":8},"end":{"line":279,"column":9}},"82":{"start":{"line":278,"column":12},"end":{"line":278,"column":63}},"83":{"start":{"line":281,"column":23},"end":{"line":281,"column":42}},"84":{"start":{"line":282,"column":8},"end":{"line":284,"column":9}},"85":{"start":{"line":283,"column":12},"end":{"line":283,"column":58}},"86":{"start":{"line":286,"column":8},"end":{"line":288,"column":9}},"87":{"start":{"line":287,"column":12},"end":{"line":287,"column":63}},"88":{"start":{"line":291,"column":25},"end":{"line":291,"column":69}},"89":{"start":{"line":302,"column":8},"end":{"line":330,"column":9}},"90":{"start":{"line":306,"column":12},"end":{"line":309,"column":13}},"91":{"start":{"line":307,"column":16},"end":{"line":307,"column":111}},"92":{"start":{"line":308,"column":16},"end":{"line":308,"column":59}},"93":{"start":{"line":313,"column":12},"end":{"line":329,"column":13}},"94":{"start":{"line":315,"column":33},"end":{"line":315,"column":65}},"95":{"start":{"line":316,"column":37},"end":{"line":316,"column":65}},"96":{"start":{"line":319,"column":16},"end":{"line":328,"column":17}},"97":{"start":{"line":321,"column":20},"end":{"line":327,"column":21}},"98":{"start":{"line":322,"column":24},"end":{"line":325,"column":68}},"99":{"start":{"line":332,"column":8},"end":{"line":334,"column":9}},"100":{"start":{"line":333,"column":12},"end":{"line":333,"column":55}},"101":{"start":{"line":337,"column":32},"end":{"line":337,"column":63}},"102":{"start":{"line":338,"column":32},"end":{"line":338,"column":63}},"103":{"start":{"line":340,"column":29},"end":{"line":340,"column":88}},"104":{"start":{"line":341,"column":27},"end":{"line":341,"column":57}},"105":{"start":{"line":343,"column":25},"end":{"line":343,"column":99}},"106":{"start":{"line":345,"column":27},"end":{"line":345,"column":84}},"107":{"start":{"line":346,"column":25},"end":{"line":346,"column":59}},"108":{"start":{"line":347,"column":27},"end":{"line":347,"column":86}},"109":{"start":{"line":356,"column":26},"end":{"line":356,"column":102}},"110":{"start":{"line":357,"column":27},"end":{"line":357,"column":45}},"111":{"start":{"line":358,"column":31},"end":{"line":358,"column":54}},"112":{"start":{"line":375,"column":30},"end":{"line":375,"column":42}},"113":{"start":{"line":376,"column":30},"end":{"line":376,"column":95}},"114":{"start":{"line":377,"column":24},"end":{"line":377,"column":54}},"115":{"start":{"line":379,"column":32},"end":{"line":379,"column":64}},"116":{"start":{"line":382,"column":8},"end":{"line":446,"column":9}},"117":{"start":{"line":384,"column":27},"end":{"line":384,"column":51}},"118":{"start":{"line":387,"column":33},"end":{"line":395,"column":13}},"119":{"start":{"line":398,"column":39},"end":{"line":403,"column":14}},"120":{"start":{"line":406,"column":31},"end":{"line":406,"column":65}},"121":{"start":{"line":407,"column":29},"end":{"line":407,"column":83}},"122":{"start":{"line":410,"column":12},"end":{"line":410,"column":85}},"123":{"start":{"line":411,"column":12},"end":{"line":411,"column":60}},"124":{"start":{"line":413,"column":12},"end":{"line":413,"column":94}},"125":{"start":{"line":414,"column":12},"end":{"line":419,"column":13}},"126":{"start":{"line":415,"column":16},"end":{"line":415,"column":98}},"127":{"start":{"line":418,"column":13},"end":{"line":418,"column":74}},"128":{"start":{"line":422,"column":12},"end":{"line":423,"column":98}},"129":{"start":{"line":423,"column":16},"end":{"line":423,"column":98}},"130":{"start":{"line":426,"column":12},"end":{"line":445,"column":13}},"131":{"start":{"line":429,"column":16},"end":{"line":435,"column":17}},"132":{"start":{"line":430,"column":20},"end":{"line":430,"column":52}},"133":{"start":{"line":431,"column":20},"end":{"line":431,"column":68}},"134":{"start":{"line":432,"column":20},"end":{"line":432,"column":66}},"135":{"start":{"line":433,"column":20},"end":{"line":433,"column":68}},"136":{"start":{"line":434,"column":20},"end":{"line":434,"column":78}},"137":{"start":{"line":438,"column":16},"end":{"line":443,"column":17}},"138":{"start":{"line":439,"column":20},"end":{"line":439,"column":52}},"139":{"start":{"line":442,"column":20},"end":{"line":442,"column":84}},"140":{"start":{"line":449,"column":8},"end":{"line":462,"column":21}},"141":{"start":{"line":464,"column":8},"end":{"line":464,"column":65}},"142":{"start":{"line":467,"column":0},"end":{"line":467,"column":63}}},"fnMap":{"0":{"name":"(anonymous_0)","decl":{"start":{"line":22,"column":24},"end":{"line":22,"column":25}},"loc":{"start":{"line":22,"column":50},"end":{"line":39,"column":1}},"line":22},"1":{"name":"(anonymous_1)","decl":{"start":{"line":33,"column":16},"end":{"line":33,"column":17}},"loc":{"start":{"line":33,"column":26},"end":{"line":36,"column":5}},"line":33},"2":{"name":"(anonymous_2)","decl":{"start":{"line":47,"column":17},"end":{"line":47,"column":18}},"loc":{"start":{"line":47,"column":27},"end":{"line":72,"column":1}},"line":47},"3":{"name":"(anonymous_3)","decl":{"start":{"line":56,"column":16},"end":{"line":56,"column":17}},"loc":{"start":{"line":56,"column":26},"end":{"line":61,"column":5}},"line":56},"4":{"name":"(anonymous_4)","decl":{"start":{"line":69,"column":15},"end":{"line":69,"column":16}},"loc":{"start":{"line":69,"column":27},"end":{"line":71,"column":5}},"line":69},"5":{"name":"JobManager","decl":{"start":{"line":94,"column":43},"end":{"line":94,"column":53}},"loc":{"start":{"line":94,"column":62},"end":{"line":466,"column":1}},"line":94},"6":{"name":"(anonymous_6)","decl":{"start":{"line":115,"column":26},"end":{"line":115,"column":27}},"loc":{"start":{"line":115,"column":36},"end":{"line":127,"column":5}},"line":115},"7":{"name":"(anonymous_7)","decl":{"start":{"line":130,"column":23},"end":{"line":130,"column":24}},"loc":{"start":{"line":130,"column":35},"end":{"line":153,"column":5}},"line":130},"8":{"name":"(anonymous_8)","decl":{"start":{"line":134,"column":27},"end":{"line":134,"column":28}},"loc":{"start":{"line":134,"column":40},"end":{"line":136,"column":21}},"line":134},"9":{"name":"(anonymous_9)","decl":{"start":{"line":140,"column":27},"end":{"line":140,"column":28}},"loc":{"start":{"line":140,"column":40},"end":{"line":142,"column":21}},"line":140},"10":{"name":"(anonymous_10)","decl":{"start":{"line":145,"column":23},"end":{"line":145,"column":24}},"loc":{"start":{"line":145,"column":36},"end":{"line":147,"column":17}},"line":145},"11":{"name":"(anonymous_11)","decl":{"start":{"line":149,"column":23},"end":{"line":149,"column":24}},"loc":{"start":{"line":149,"column":35},"end":{"line":151,"column":17}},"line":149},"12":{"name":"(anonymous_12)","decl":{"start":{"line":164,"column":28},"end":{"line":164,"column":29}},"loc":{"start":{"line":164,"column":45},"end":{"line":184,"column":5}},"line":164},"13":{"name":"(anonymous_13)","decl":{"start":{"line":195,"column":27},"end":{"line":195,"column":28}},"loc":{"start":{"line":195,"column":44},"end":{"line":230,"column":5}},"line":195},"14":{"name":"(anonymous_14)","decl":{"start":{"line":254,"column":24},"end":{"line":254,"column":25}},"loc":{"start":{"line":254,"column":149},"end":{"line":465,"column":5}},"line":254},"15":{"name":"(anonymous_15)","decl":{"start":{"line":255,"column":25},"end":{"line":255,"column":26}},"loc":{"start":{"line":255,"column":40},"end":{"line":264,"column":9}},"line":255}},"branchMap":{"0":{"loc":{"start":{"line":24,"column":21},"end":{"line":24,"column":78}},"type":"binary-expr","locations":[{"start":{"line":24,"column":21},"end":{"line":24,"column":37}},{"start":{"line":24,"column":41},"end":{"line":24,"column":78}}],"line":24},"1":{"loc":{"start":{"line":58,"column":8},"end":{"line":59,"column":24}},"type":"if","locations":[{"start":{"line":58,"column":8},"end":{"line":59,"column":24}},{"start":{},"end":{}}],"line":58},"2":{"loc":{"start":{"line":116,"column":8},"end":{"line":126,"column":9}},"type":"switch","locations":[{"start":{"line":117,"column":12},"end":{"line":117,"column":26}},{"start":{"line":118,"column":12},"end":{"line":118,"column":25}},{"start":{"line":119,"column":12},"end":{"line":123,"column":39}},{"start":{"line":124,"column":12},"end":{"line":125,"column":36}}],"line":116},"3":{"loc":{"start":{"line":120,"column":16},"end":{"line":123,"column":39}},"type":"if","locations":[{"start":{"line":120,"column":16},"end":{"line":123,"column":39}},{"start":{"line":123,"column":20},"end":{"line":123,"column":39}}],"line":120},"4":{"loc":{"start":{"line":131,"column":8},"end":{"line":152,"column":9}},"type":"switch","locations":[{"start":{"line":132,"column":12},"end":{"line":137,"column":17}},{"start":{"line":138,"column":12},"end":{"line":143,"column":17}},{"start":{"line":144,"column":12},"end":{"line":147,"column":18}},{"start":{"line":148,"column":12},"end":{"line":151,"column":18}}],"line":131},"5":{"loc":{"start":{"line":133,"column":16},"end":{"line":137,"column":17}},"type":"if","locations":[{"start":{"line":133,"column":16},"end":{"line":137,"column":17}},{"start":{},"end":{}}],"line":133},"6":{"loc":{"start":{"line":139,"column":16},"end":{"line":143,"column":17}},"type":"if","locations":[{"start":{"line":139,"column":16},"end":{"line":143,"column":17}},{"start":{},"end":{}}],"line":139},"7":{"loc":{"start":{"line":200,"column":8},"end":{"line":206,"column":9}},"type":"if","locations":[{"start":{"line":200,"column":8},"end":{"line":206,"column":9}},{"start":{},"end":{}}],"line":200},"8":{"loc":{"start":{"line":200,"column":13},"end":{"line":200,"column":100}},"type":"binary-expr","locations":[{"start":{"line":200,"column":13},"end":{"line":200,"column":24}},{"start":{"line":200,"column":28},"end":{"line":200,"column":100}}],"line":200},"9":{"loc":{"start":{"line":204,"column":12},"end":{"line":205,"column":29}},"type":"if","locations":[{"start":{"line":204,"column":12},"end":{"line":205,"column":29}},{"start":{},"end":{}}],"line":204},"10":{"loc":{"start":{"line":208,"column":8},"end":{"line":208,"column":38}},"type":"if","locations":[{"start":{"line":208,"column":8},"end":{"line":208,"column":38}},{"start":{},"end":{}}],"line":208},"11":{"loc":{"start":{"line":268,"column":8},"end":{"line":269,"column":69}},"type":"if","locations":[{"start":{"line":268,"column":8},"end":{"line":269,"column":69}},{"start":{},"end":{}}],"line":268},"12":{"loc":{"start":{"line":273,"column":8},"end":{"line":275,"column":9}},"type":"if","locations":[{"start":{"line":273,"column":8},"end":{"line":275,"column":9}},{"start":{},"end":{}}],"line":273},"13":{"loc":{"start":{"line":273,"column":12},"end":{"line":273,"column":60}},"type":"binary-expr","locations":[{"start":{"line":273,"column":12},"end":{"line":273,"column":38}},{"start":{"line":273,"column":42},"end":{"line":273,"column":60}}],"line":273},"14":{"loc":{"start":{"line":277,"column":8},"end":{"line":279,"column":9}},"type":"if","locations":[{"start":{"line":277,"column":8},"end":{"line":279,"column":9}},{"start":{},"end":{}}],"line":277},"15":{"loc":{"start":{"line":282,"column":8},"end":{"line":284,"column":9}},"type":"if","locations":[{"start":{"line":282,"column":8},"end":{"line":284,"column":9}},{"start":{},"end":{}}],"line":282},"16":{"loc":{"start":{"line":282,"column":12},"end":{"line":282,"column":74}},"type":"binary-expr","locations":[{"start":{"line":282,"column":12},"end":{"line":282,"column":42}},{"start":{"line":282,"column":46},"end":{"line":282,"column":74}}],"line":282},"17":{"loc":{"start":{"line":286,"column":8},"end":{"line":288,"column":9}},"type":"if","locations":[{"start":{"line":286,"column":8},"end":{"line":288,"column":9}},{"start":{},"end":{}}],"line":286},"18":{"loc":{"start":{"line":291,"column":34},"end":{"line":291,"column":64}},"type":"binary-expr","locations":[{"start":{"line":291,"column":34},"end":{"line":291,"column":41}},{"start":{"line":291,"column":45},"end":{"line":291,"column":64}}],"line":291},"19":{"loc":{"start":{"line":302,"column":8},"end":{"line":330,"column":9}},"type":"if","locations":[{"start":{"line":302,"column":8},"end":{"line":330,"column":9}},{"start":{},"end":{}}],"line":302},"20":{"loc":{"start":{"line":306,"column":12},"end":{"line":309,"column":13}},"type":"if","locations":[{"start":{"line":306,"column":12},"end":{"line":309,"column":13}},{"start":{},"end":{}}],"line":306},"21":{"loc":{"start":{"line":313,"column":12},"end":{"line":329,"column":13}},"type":"if","locations":[{"start":{"line":313,"column":12},"end":{"line":329,"column":13}},{"start":{},"end":{}}],"line":313},"22":{"loc":{"start":{"line":319,"column":16},"end":{"line":328,"column":17}},"type":"if","locations":[{"start":{"line":319,"column":16},"end":{"line":328,"column":17}},{"start":{},"end":{}}],"line":319},"23":{"loc":{"start":{"line":321,"column":20},"end":{"line":327,"column":21}},"type":"if","locations":[{"start":{"line":321,"column":20},"end":{"line":327,"column":21}},{"start":{},"end":{}}],"line":321},"24":{"loc":{"start":{"line":332,"column":8},"end":{"line":334,"column":9}},"type":"if","locations":[{"start":{"line":332,"column":8},"end":{"line":334,"column":9}},{"start":{},"end":{}}],"line":332},"25":{"loc":{"start":{"line":382,"column":8},"end":{"line":446,"column":9}},"type":"if","locations":[{"start":{"line":382,"column":8},"end":{"line":446,"column":9}},{"start":{"line":421,"column":13},"end":{"line":446,"column":9}}],"line":382},"26":{"loc":{"start":{"line":414,"column":12},"end":{"line":419,"column":13}},"type":"if","locations":[{"start":{"line":414,"column":12},"end":{"line":419,"column":13}},{"start":{"line":417,"column":17},"end":{"line":419,"column":13}}],"line":414},"27":{"loc":{"start":{"line":414,"column":16},"end":{"line":414,"column":92}},"type":"binary-expr","locations":[{"start":{"line":414,"column":16},"end":{"line":414,"column":50}},{"start":{"line":414,"column":54},"end":{"line":414,"column":92}}],"line":414},"28":{"loc":{"start":{"line":422,"column":12},"end":{"line":423,"column":98}},"type":"if","locations":[{"start":{"line":422,"column":12},"end":{"line":423,"column":98}},{"start":{},"end":{}}],"line":422},"29":{"loc":{"start":{"line":426,"column":12},"end":{"line":445,"column":13}},"type":"if","locations":[{"start":{"line":426,"column":12},"end":{"line":445,"column":13}},{"start":{},"end":{}}],"line":426},"30":{"loc":{"start":{"line":429,"column":16},"end":{"line":435,"column":17}},"type":"if","locations":[{"start":{"line":429,"column":16},"end":{"line":435,"column":17}},{"start":{},"end":{}}],"line":429},"31":{"loc":{"start":{"line":429,"column":20},"end":{"line":429,"column":60}},"type":"binary-expr","locations":[{"start":{"line":429,"column":20},"end":{"line":429,"column":30}},{"start":{"line":429,"column":34},"end":{"line":429,"column":60}}],"line":429},"32":{"loc":{"start":{"line":438,"column":16},"end":{"line":443,"column":17}},"type":"if","locations":[{"start":{"line":438,"column":16},"end":{"line":443,"column":17}},{"start":{"line":441,"column":20},"end":{"line":443,"column":17}}],"line":438},"33":{"loc":{"start":{"line":438,"column":20},"end":{"line":438,"column":73}},"type":"binary-expr","locations":[{"start":{"line":438,"column":20},"end":{"line":438,"column":38}},{"start":{"line":438,"column":42},"end":{"line":438,"column":73}}],"line":438}},"s":{"0":1,"1":1,"2":1,"3":1,"4":1,"5":1,"6":1,"7":1,"8":8,"9":8,"10":8,"11":0,"12":0,"13":8,"14":1,"15":8,"16":8,"17":8,"18":8,"19":0,"20":8,"21":8,"22":8,"23":1,"24":8,"25":8,"26":8,"27":8,"28":8,"29":8,"30":8,"31":8,"32":8,"33":8,"34":8,"35":0,"36":0,"37":0,"38":8,"39":8,"40":8,"41":0,"42":0,"43":0,"44":0,"45":0,"46":0,"47":0,"48":0,"49":8,"50":0,"51":8,"52":1,"53":1,"54":1,"55":1,"56":1,"57":8,"58":7,"59":7,"60":0,"61":0,"62":0,"63":7,"64":0,"65":7,"66":7,"67":7,"68":7,"69":7,"70":7,"71":8,"72":5,"73":5,"74":5,"75":5,"76":5,"77":1,"78":4,"79":4,"80":1,"81":3,"82":0,"83":3,"84":3,"85":1,"86":2,"87":1,"88":1,"89":1,"90":0,"91":0,"92":0,"93":0,"94":0,"95":0,"96":0,"97":0,"98":0,"99":1,"100":1,"101":0,"102":0,"103":0,"104":0,"105":0,"106":0,"107":0,"108":0,"109":0,"110":0,"111":0,"112":0,"113":0,"114":0,"115":0,"116":0,"117":0,"118":0,"119":0,"120":0,"121":0,"122":0,"123":0,"124":0,"125":0,"126":0,"127":0,"128":0,"129":0,"130":0,"131":0,"132":0,"133":0,"134":0,"135":0,"136":0,"137":0,"138":0,"139":0,"140":0,"141":0,"142":1},"f":{"0":8,"1":0,"2":8,"3":8,"4":8,"5":8,"6":8,"7":8,"8":0,"9":0,"10":0,"11":0,"12":1,"13":7,"14":5,"15":5},"b":{"0":[8,0],"1":[0,8],"2":[0,0,0,8],"3":[0,0],"4":[0,0,0,8],"5":[0,0],"6":[0,0],"7":[0,7],"8":[7,0],"9":[0,0],"10":[0,7],"11":[1,4],"12":[1,3],"13":[4,3],"14":[0,3],"15":[1,2],"16":[3,2],"17":[1,1],"18":[1,1],"19":[0,1],"20":[0,0],"21":[0,0],"22":[0,0],"23":[0,0],"24":[1,0],"25":[0,0],"26":[0,0],"27":[0,0],"28":[0,0],"29":[0,0],"30":[0,0],"31":[0,0],"32":[0,0],"33":[0,0]},"_coverageSchema":"1a1c01bbd47fc00a2c39e90264f33305004495a9","hash":"96b409f3ae5970554059d428aa9140112319ad3e"}
,"/Users/skaisser/Sites/node-stratum-pool/lib/merkleTree.js": {"path":"/Users/skaisser/Sites/node-stratum-pool/lib/merkleTree.js","statementMap":{"0":{"start":{"line":9,"column":11},"end":{"line":9,"column":31}},"1":{"start":{"line":18,"column":17},"end":{"line":59,"column":1}},"2":{"start":{"line":21,"column":21},"end":{"line":21,"column":44}},"3":{"start":{"line":22,"column":22},"end":{"line":22,"column":42}},"4":{"start":{"line":23,"column":8},"end":{"line":23,"column":23}},"5":{"start":{"line":27,"column":16},"end":{"line":27,"column":20}},"6":{"start":{"line":28,"column":20},"end":{"line":28,"column":22}},"7":{"start":{"line":29,"column":19},"end":{"line":29,"column":25}},"8":{"start":{"line":30,"column":21},"end":{"line":30,"column":22}},"9":{"start":{"line":31,"column":17},"end":{"line":31,"column":25}},"10":{"start":{"line":33,"column":8},"end":{"line":52,"column":9}},"11":{"start":{"line":34,"column":12},"end":{"line":51,"column":13}},"12":{"start":{"line":36,"column":16},"end":{"line":37,"column":26}},"13":{"start":{"line":37,"column":20},"end":{"line":37,"column":26}},"14":{"start":{"line":39,"column":16},"end":{"line":39,"column":33}},"15":{"start":{"line":41,"column":16},"end":{"line":42,"column":44}},"16":{"start":{"line":42,"column":20},"end":{"line":42,"column":44}},"17":{"start":{"line":44,"column":25},"end":{"line":44,"column":27}},"18":{"start":{"line":45,"column":24},"end":{"line":45,"column":49}},"19":{"start":{"line":46,"column":16},"end":{"line":48,"column":19}},"20":{"start":{"line":47,"column":20},"end":{"line":47,"column":56}},"21":{"start":{"line":49,"column":16},"end":{"line":49,"column":36}},"22":{"start":{"line":50,"column":16},"end":{"line":50,"column":30}},"23":{"start":{"line":53,"column":7},"end":{"line":53,"column":20}},"24":{"start":{"line":56,"column":4},"end":{"line":56,"column":21}},"25":{"start":{"line":57,"column":4},"end":{"line":57,"column":38}},"26":{"start":{"line":60,"column":0},"end":{"line":75,"column":2}},"27":{"start":{"line":70,"column":8},"end":{"line":72,"column":11}},"28":{"start":{"line":71,"column":12},"end":{"line":71,"column":52}},"29":{"start":{"line":73,"column":8},"end":{"line":73,"column":17}}},"fnMap":{"0":{"name":"MerkleTree","decl":{"start":{"line":18,"column":43},"end":{"line":18,"column":53}},"loc":{"start":{"line":18,"column":59},"end":{"line":59,"column":1}},"line":18},"1":{"name":"merkleJoin","decl":{"start":{"line":20,"column":13},"end":{"line":20,"column":23}},"loc":{"start":{"line":20,"column":31},"end":{"line":24,"column":5}},"line":20},"2":{"name":"calculateSteps","decl":{"start":{"line":26,"column":13},"end":{"line":26,"column":27}},"loc":{"start":{"line":26,"column":33},"end":{"line":54,"column":5}},"line":26},"3":{"name":"(anonymous_3)","decl":{"start":{"line":46,"column":26},"end":{"line":46,"column":27}},"loc":{"start":{"line":46,"column":37},"end":{"line":48,"column":17}},"line":46},"4":{"name":"(anonymous_4)","decl":{"start":{"line":69,"column":15},"end":{"line":69,"column":16}},"loc":{"start":{"line":69,"column":26},"end":{"line":74,"column":5}},"line":69},"5":{"name":"(anonymous_5)","decl":{"start":{"line":70,"column":27},"end":{"line":70,"column":28}},"loc":{"start":{"line":70,"column":38},"end":{"line":72,"column":9}},"line":70}},"branchMap":{"0":{"loc":{"start":{"line":33,"column":8},"end":{"line":52,"column":9}},"type":"if","locations":[{"start":{"line":33,"column":8},"end":{"line":52,"column":9}},{"start":{},"end":{}}],"line":33},"1":{"loc":{"start":{"line":36,"column":16},"end":{"line":37,"column":26}},"type":"if","locations":[{"start":{"line":36,"column":16},"end":{"line":37,"column":26}},{"start":{},"end":{}}],"line":36},"2":{"loc":{"start":{"line":41,"column":16},"end":{"line":42,"column":44}},"type":"if","locations":[{"start":{"line":41,"column":16},"end":{"line":42,"column":44}},{"start":{},"end":{}}],"line":41}},"s":{"0":1,"1":1,"2":0,"3":0,"4":0,"5":8,"6":8,"7":8,"8":8,"9":8,"10":8,"11":1,"12":2,"13":1,"14":1,"15":1,"16":0,"17":1,"18":1,"19":1,"20":0,"21":1,"22":1,"23":8,"24":8,"25":8,"26":1,"27":0,"28":0,"29":0},"f":{"0":8,"1":0,"2":8,"3":0,"4":0,"5":0},"b":{"0":[1,7],"1":[1,1],"2":[0,1]},"_coverageSchema":"1a1c01bbd47fc00a2c39e90264f33305004495a9","hash":"81c8962660fc91ad2083fd8d90d650f229306869"}
,"/Users/skaisser/Sites/node-stratum-pool/lib/peer.js": {"path":"/Users/skaisser/Sites/node-stratum-pool/lib/peer.js","statementMap":{"0":{"start":{"line":9,"column":10},"end":{"line":9,"column":24}},"1":{"start":{"line":10,"column":13},"end":{"line":10,"column":30}},"2":{"start":{"line":11,"column":13},"end":{"line":11,"column":30}},"3":{"start":{"line":13,"column":11},"end":{"line":13,"column":31}},"4":{"start":{"line":24,"column":27},"end":{"line":29,"column":1}},"5":{"start":{"line":25,"column":15},"end":{"line":25,"column":32}},"6":{"start":{"line":26,"column":4},"end":{"line":26,"column":17}},"7":{"start":{"line":27,"column":4},"end":{"line":27,"column":18}},"8":{"start":{"line":28,"column":4},"end":{"line":28,"column":16}},"9":{"start":{"line":31,"column":26},"end":{"line":33,"column":1}},"10":{"start":{"line":32,"column":4},"end":{"line":32,"column":39}},"11":{"start":{"line":40,"column":23},"end":{"line":56,"column":1}},"12":{"start":{"line":42,"column":15},"end":{"line":42,"column":50}},"13":{"start":{"line":44,"column":19},"end":{"line":53,"column":5}},"14":{"start":{"line":45,"column":8},"end":{"line":45,"column":43}},"15":{"start":{"line":46,"column":8},"end":{"line":52,"column":42}},"16":{"start":{"line":47,"column":29},"end":{"line":47,"column":50}},"17":{"start":{"line":48,"column":25},"end":{"line":48,"column":73}},"18":{"start":{"line":49,"column":12},"end":{"line":49,"column":41}},"19":{"start":{"line":52,"column":12},"end":{"line":52,"column":42}},"20":{"start":{"line":55,"column":4},"end":{"line":55,"column":30}},"21":{"start":{"line":79,"column":11},"end":{"line":267,"column":1}},"22":{"start":{"line":81,"column":16},"end":{"line":81,"column":20}},"23":{"start":{"line":83,"column":16},"end":{"line":83,"column":108}},"24":{"start":{"line":84,"column":19},"end":{"line":84,"column":40}},"25":{"start":{"line":85,"column":17},"end":{"line":85,"column":22}},"26":{"start":{"line":86,"column":32},"end":{"line":86,"column":36}},"27":{"start":{"line":89,"column":19},"end":{"line":93,"column":5}},"28":{"start":{"line":95,"column":26},"end":{"line":95,"column":64}},"29":{"start":{"line":96,"column":26},"end":{"line":96,"column":100}},"30":{"start":{"line":97,"column":20},"end":{"line":97,"column":58}},"31":{"start":{"line":98,"column":27},"end":{"line":98,"column":57}},"32":{"start":{"line":102,"column":28},"end":{"line":102,"column":109}},"33":{"start":{"line":104,"column":19},"end":{"line":112,"column":5}},"34":{"start":{"line":115,"column":4},"end":{"line":117,"column":9}},"35":{"start":{"line":116,"column":8},"end":{"line":116,"column":18}},"36":{"start":{"line":122,"column":8},"end":{"line":127,"column":11}},"37":{"start":{"line":126,"column":12},"end":{"line":126,"column":26}},"38":{"start":{"line":128,"column":8},"end":{"line":137,"column":11}},"39":{"start":{"line":129,"column":12},"end":{"line":135,"column":49}},"40":{"start":{"line":130,"column":16},"end":{"line":130,"column":43}},"41":{"start":{"line":131,"column":16},"end":{"line":131,"column":31}},"42":{"start":{"line":132,"column":16},"end":{"line":132,"column":26}},"43":{"start":{"line":134,"column":17},"end":{"line":135,"column":49}},"44":{"start":{"line":135,"column":16},"end":{"line":135,"column":49}},"45":{"start":{"line":138,"column":8},"end":{"line":145,"column":11}},"46":{"start":{"line":139,"column":12},"end":{"line":144,"column":45}},"47":{"start":{"line":140,"column":16},"end":{"line":140,"column":46}},"48":{"start":{"line":141,"column":16},"end":{"line":141,"column":47}},"49":{"start":{"line":144,"column":16},"end":{"line":144,"column":45}},"50":{"start":{"line":148,"column":8},"end":{"line":148,"column":35}},"51":{"start":{"line":154,"column":34},"end":{"line":183,"column":9}},"52":{"start":{"line":156,"column":12},"end":{"line":182,"column":15}},"53":{"start":{"line":157,"column":31},"end":{"line":157,"column":53}},"54":{"start":{"line":158,"column":16},"end":{"line":169,"column":17}},"55":{"start":{"line":159,"column":20},"end":{"line":159,"column":70}},"56":{"start":{"line":160,"column":20},"end":{"line":162,"column":21}},"57":{"start":{"line":161,"column":24},"end":{"line":161,"column":49}},"58":{"start":{"line":163,"column":20},"end":{"line":167,"column":21}},"59":{"start":{"line":164,"column":24},"end":{"line":164,"column":52}},"60":{"start":{"line":166,"column":24},"end":{"line":166,"column":61}},"61":{"start":{"line":168,"column":20},"end":{"line":168,"column":27}},"62":{"start":{"line":170,"column":33},"end":{"line":170,"column":63}},"63":{"start":{"line":171,"column":32},"end":{"line":171,"column":55}},"64":{"start":{"line":172,"column":34},"end":{"line":172,"column":57}},"65":{"start":{"line":173,"column":16},"end":{"line":181,"column":19}},"66":{"start":{"line":174,"column":20},"end":{"line":178,"column":21}},"67":{"start":{"line":175,"column":24},"end":{"line":175,"column":77}},"68":{"start":{"line":176,"column":24},"end":{"line":176,"column":50}},"69":{"start":{"line":177,"column":24},"end":{"line":177,"column":31}
[...]
7},"16":{"name":"(anonymous_16)","decl":{"start":{"line":339,"column":23},"end":{"line":339,"column":24}},"loc":{"start":{"line":339,"column":36},"end":{"line":343,"column":1}},"line":339},"17":{"name":"(anonymous_17)","decl":{"start":{"line":351,"column":23},"end":{"line":351,"column":24}},"loc":{"start":{"line":351,"column":36},"end":{"line":355,"column":1}},"line":351},"18":{"name":"(anonymous_18)","decl":{"start":{"line":364,"column":22},"end":{"line":364,"column":23}},"loc":{"start":{"line":364,"column":35},"end":{"line":369,"column":1}},"line":364},"19":{"name":"(anonymous_19)","decl":{"start":{"line":382,"column":16},"end":{"line":382,"column":17}},"loc":{"start":{"line":382,"column":43},"end":{"line":398,"column":1}},"line":382},"20":{"name":"(anonymous_20)","decl":{"start":{"line":412,"column":25},"end":{"line":412,"column":26}},"loc":{"start":{"line":412,"column":38},"end":{"line":422,"column":1}},"line":412},"21":{"name":"(anonymous_21)","decl":{"start":{"line":432,"column":28},"end":{"line":432,"column":29}},"loc":{"start":{"line":432,"column":41},"end":{"line":435,"column":1}},"line":432},"22":{"name":"(anonymous_22)","decl":{"start":{"line":446,"column":26},"end":{"line":446,"column":27}},"loc":{"start":{"line":446,"column":40},"end":{"line":471,"column":1}},"line":446},"23":{"name":"(anonymous_23)","decl":{"start":{"line":481,"column":36},"end":{"line":481,"column":37}},"loc":{"start":{"line":481,"column":54},"end":{"line":489,"column":1}},"line":481},"24":{"name":"(anonymous_24)","decl":{"start":{"line":502,"column":27},"end":{"line":502,"column":28}},"loc":{"start":{"line":502,"column":47},"end":{"line":532,"column":1}},"line":502},"25":{"name":"(anonymous_25)","decl":{"start":{"line":543,"column":30},"end":{"line":543,"column":31}},"loc":{"start":{"line":543,"column":52},"end":{"line":552,"column":1}},"line":543},"26":{"name":"(anonymous_26)","decl":{"start":{"line":563,"column":31},"end":{"line":563,"column":32}},"loc":{"start":{"line":563,"column":49},"end":{"line":574,"column":1}},"line":563},"27":{"name":"(anonymous_27)","decl":{"start":{"line":583,"column":28},"end":{"line":583,"column":29}},"loc":{"start":{"line":583,"column":48},"end":{"line":586,"column":1}},"line":583},"28":{"name":"(anonymous_28)","decl":{"start":{"line":595,"column":28},"end":{"line":595,"column":29}},"loc":{"start":{"line":595,"column":46},"end":{"line":602,"column":1}},"line":595},"29":{"name":"(anonymous_29)","decl":{"start":{"line":612,"column":27},"end":{"line":612,"column":28}},"loc":{"start":{"line":612,"column":42},"end":{"line":614,"column":1}},"line":612}},"branchMap":{"0":{"loc":{"start":{"line":31,"column":8},"end":{"line":33,"column":9}},"type":"if","locations":[{"start":{"line":31,"column":8},"end":{"line":33,"column":9}},{"start":{},"end":{}}],"line":31},"1":{"loc":{"start":{"line":56,"column":4},"end":{"line":62,"column":5}},"type":"if","locations":[{"start":{"line":56,"column":4},"end":{"line":62,"column":5}},{"start":{},"end":{}}],"line":56},"2":{"loc":{"start":{"line":143,"column":4},"end":{"line":148,"column":5}},"type":"if","locations":[{"start":{"line":143,"column":4},"end":{"line":148,"column":5}},{"start":{},"end":{}}],"line":143},"3":{"loc":{"start":{"line":174,"column":4},"end":{"line":193,"column":5}},"type":"if","locations":[{"start":{"line":174,"column":4},"end":{"line":193,"column":5}},{"start":{"line":176,"column":9},"end":{"line":193,"column":5}}],"line":174},"4":{"loc":{"start":{"line":176,"column":9},"end":{"line":193,"column":5}},"type":"if","locations":[{"start":{"line":176,"column":9},"end":{"line":193,"column":5}},{"start":{"line":182,"column":9},"end":{"line":193,"column":5}}],"line":176},"5":{"loc":{"start":{"line":182,"column":9},"end":{"line":193,"column":5}},"type":"if","locations":[{"start":{"line":182,"column":9},"end":{"line":193,"column":5}},{"start":{"line":188,"column":8},"end":{"line":193,"column":5}}],"line":182},"6":{"loc":{"start":{"line":244,"column":4},"end":{"line":244,"column":58}},"type":"if","locations":[{"start":{"line":244,"column":4},"end":{"line":244,"column":58}},{"start":{},"end":{}}],"line":244},"7":{"loc":{"start":{"line":244,"column":8},"end":{"line":244,"column":25}},"type":"binary-expr","locations":[{"start":{"line":244,"column":8},"end":{"line":244,"column":14}},{"start":{"line":244,"column":18},"end":{"line":244,"column":25}}],"line":244},"8":{"loc":{"start":{"line":269,"column":4},"end":{"line":291,"column":11}},"type":"if","locations":[{"start":{"line":269,"column":4},"end":{"line":291,"column":11}},{"start":{"line":274,"column":9},"end":{"line":291,"column":11}}],"line":269},"9":{"loc":{"start":{"line":274,"column":9},"end":{"line":291,"column":11}},"type":"if","locations":[{"start":{"line":274,"column":9},"end":{"line":291,"column":11}},{"start":{"line":280,"column":9},"end":{"line":291,"column":11}}],"line":274},"10":{"loc":{"start":{"line":280,"column":9},"end":{"line":291,"column":11}},"type":"if","locations":[{"start":{"line":280,"column":9},"end":{"line":291,"column":11}},{"start":{"line":287,"column":8},"end":{"line":291,"column":11}}],"line":280},"11":{"loc":{"start":{"line":383,"column":4},"end":{"line":386,"column":5}},"type":"if","locations":[{"start":{"line":383,"column":4},"end":{"line":386,"column":5}},{"start":{},"end":{}}],"line":383},"12":{"loc":{"start":{"line":387,"column":4},"end":{"line":389,"column":5}},"type":"if","locations":[{"start":{"line":387,"column":4},"end":{"line":389,"column":5}},{"start":{},"end":{}}],"line":387},"13":{"loc":{"start":{"line":390,"column":4},"end":{"line":392,"column":5}},"type":"if","locations":[{"start":{"line":390,"column":4},"end":{"line":392,"column":5}},{"start":{},"end":{}}],"line":390},"14":{"loc":{"start":{"line":390,"column":8},"end":{"line":390,"column":66}},"type":"binary-expr","locations":[{"start":{"line":390,"column":9},"end":{"line":390,"column":17}},{"start":{"line":390,"column":21},"end":{"line":390,"column":34}},{"start":{"line":390,"column":40},"end":{"line":390,"column":48}},{"start":{"line":390,"column":52},"end":{"line":390,"column":65}}],"line":390},"15":{"loc":{"start":{"line":394,"column":24},"end":{"line":394,"column":54}},"type":"cond-expr","locations":[{"start":{"line":394,"column":35},"end":{"line":394,"column":43}},{"start":{"line":394,"column":46},"end":{"line":394,"column":54}}],"line":394},"16":{"loc":{"start":{"line":413,"column":4},"end":{"line":416,"column":5}},"type":"if","locations":[{"start":{"line":413,"column":4},"end":{"line":416,"column":5}},{"start":{},"end":{}}],"line":413},"17":{"loc":{"start":{"line":450,"column":4},"end":{"line":458,"column":5}},"type":"if","locations":[{"start":{"line":450,"column":4},"end":{"line":458,"column":5}},{"start":{},"end":{}}],"line":450},"18":{"loc":{"start":{"line":463,"column":4},"end":{"line":466,"column":5}},"type":"if","locations":[{"start":{"line":463,"column":4},"end":{"line":466,"column":5}},{"start":{},"end":{}}],"line":463},"19":{"loc":{"start":{"line":547,"column":11},"end":{"line":547,"column":87}},"type":"cond-expr","locations":[{"start":{"line":547,"column":38},"end":{"line":547,"column":80}},{"start":{"line":547,"column":83},"end":{"line":547,"column":87}}],"line":547}},"s":{"0":6,"1":6,"2":6,"3":6,"4":6,"5":3,"6":3,"7":2,"8":2,"9":2,"10":2,"11":2,"12":1,"13":1,"14":1,"15":6,"16":3,"17":3,"18":1,"19":1,"20":0,"21":2,"22":2,"23":6,"24":19,"25":19,"26":19,"27":6,"28":9,"29":6,"30":21,"31":21,"32":21,"33":586,"34":21,"35":6,"36":1,"37":6,"38":8,"39":8,"40":64,"41":8,"42":6,"43":10,"44":10,"45":9,"46":9,"47":9,"48":9,"49":10,"50":6,"51":0,"52":6,"53":46,"54":42,"55":4,"56":1,"57":1,"58":1,"59":1,"60":3,"61":1,"62":1,"63":1,"64":1,"65":2,"66":2,"67":2,"68":2,"69":6,"70":0,"71":0,"72":6,"73":20,"74":1,"75":19,"76":19,"77":19,"78":46,"79":46,"80":19,"81":19,"82":19,"83":6,"84":10,"85":10,"86":0,"87":0,"88":0,"89":0,"90":0,"91":6,"92":0,"93":0,"94":0,"95":6,"96":0,"97":0,"98":0,"99":6,"100":1,"101":1,"102":1,"103":6,"104":37,"105":37,"106":37,"107":6,"108":1,"109":1,"110":1,"111":6,"112":16,"113":16,"114":16,"115":16,"116":6,"117":5,"118":1,"119":1,"120":5,"121":2,"122":5,"123":1,"124":4,"125":4,"126":4,"127":18,"128":4,"129":6,"130":0,"131":0,"132":0,"133":0,"134":0,"135":0,"136":0,"137":0,"138":6,"139":0,"140":0,"141":6,"142":9,"143":9,"144":1,"145":1,"146":0,"147":0,"148":8,"149":8,"150":0,"151":0,"152":8,"153":8,"154":6,"155":5,"156":5,"157":5,"158":11,"159":11,"160":5,"161":6,"162":0,"163":0,"164":0,"165":0,"166":0,"167":0,"168":0,"169":0,"170":0,"171":0,"172":0,"173":0,"174":0,"175":6,"176":0,"177":0,"178":0,"179":0,"180":0,"181":0,"182":6,"183":0,"184":0,"185":0,"186":0,"187":6,"188":0,"189":0,"190":6,"191":0,"192":0,"193":0,"194":0,"195":0,"196":0,"197":6,"198":0},"f":{"0":3,"1":3,"2":19,"3":9,"4":21,"5":1,"6":8,"7":10,"8":0,"9":46,"10":0,"11":20,"12":10,"13":0,"14":0,"15":1,"16":37,"17":1,"18":16,"19":5,"20":0,"21":0,"22":9,"23":5,"24":0,"25":0,"26":0,"27":0,"28":0,"29":0},"b":{"0":[1,1],"1":[1,1],"2":[9,1],"3":[42,4],"4":[1,3],"5":[1,2],"6":[1,19],"7":[20,20],"8":[10,0],"9":[0,0],"10":[0,0],"11":[1,4],"12":[2,3],"13":[1,4],"14":[5,4,4,1],"15":[16,6],"16":[0,0],"17":[1,7],"18":[0,8],"19":[0,0]},"_coverageSchema":"1a1c01bbd47fc00a2c39e90264f33305004495a9","hash":"0d2092d07728c08a43c70fd0a08d0462e98350ec"}
,"/Users/skaisser/Sites/node-stratum-pool/lib/varDiff.js": {"path":"/Users/skaisser/Sites/node-stratum-pool/lib/varDiff.js","statementMap":{"0":{"start":{"line":9,"column":13},"end":{"line":9,"column":30}},"1":{"start":{"line":20,"column":15},"end":{"line":20,"column":17}},"2":{"start":{"line":21,"column":17},"end":{"line":21,"column":18}},"3":{"start":{"line":22,"column":17},"end":{"line":22,"column":22}},"4":{"start":{"line":23,"column":4},"end":{"line":36,"column":6}},"5":{"start":{"line":24,"column":8},"end":{"line":35,"column":9}},"6":{"start":{"line":25,"column":12},"end":{"line":25,"column":29}},"7":{"start":{"line":26,"column":12},"end":{"line":26,"column":44}},"8":{"start":{"line":29,"column":12},"end":{"line":29,"column":25}},"9":{"start":{"line":30,"column":12},"end":{"line":30,"column":21}},"10":{"start":{"line":31,"column":12},"end":{"line":34,"column":13}},"11":{"start":{"line":32,"column":16},"end":{"line":32,"column":27}},"12":{"start":{"line":33,"column":16},"end":{"line":33,"column":30}},"13":{"start":{"line":37,"column":4},"end":{"line":40,"column":6}},"14":{"start":{"line":38,"column":18},"end":{"line":38,"column":61}},"15":{"start":{"line":38,"column":46},"end":{"line":38,"column":58}},"16":{"start":{"line":39,"column":8},"end":{"line":39,"column":49}},"17":{"start":{"line":41,"column":4},"end":{"line":43,"column":6}},"18":{"start":{"line":42,"column":8},"end":{"line":42,"column":41}},"19":{"start":{"line":44,"column":4},"end":{"line":48,"column":6}},"20":{"start":{"line":45,"column":8},"end":{"line":45,"column":18}},"21":{"start":{"line":46,"column":8},"end":{"line":46,"column":19}},"22":{"start":{"line":47,"column":8},"end":{"line":47,"column":23}},"23":{"start":{"line":61,"column":4},"end":{"line":61,"column":40}},"24":{"start":{"line":80,"column":14},"end":{"line":164,"column":1}},"25":{"start":{"line":81,"column":16},"end":{"line":81,"column":20}},"26":{"start":{"line":87,"column":19},"end":{"line":87,"column":85}},"27":{"start":{"line":90,"column":4},"end":{"line":90,"column":77}},"28":{"start":{"line":91,"column":4},"end":{"line":91,"column":54}},"29":{"start":{"line":92,"column":4},"end":{"line":92,"column":54}},"30":{"start":{"line":103,"column":4},"end":{"line":163,"column":6}},"31":{"start":{"line":105,"column":26},"end":{"line":105,"column":49}},"32":{"start":{"line":107,"column":8},"end":{"line":109,"column":9}},"33":{"start":{"line":108,"column":12},"end":{"line":108,"column":77}},"34":{"start":{"line":110,"column":22},"end":{"line":110,"column":36}},"35":{"start":{"line":116,"column":8},"end":{"line":162,"column":11}},"36":{"start":{"line":118,"column":21},"end":{"line":118,"column":44}},"37":{"start":{"line":120,"column":12},"end":{"line":125,"column":13}},"38":{"start":{"line":121,"column":16},"end":{"line":121,"column":56}},"39":{"start":{"line":122,"column":16},"end":{"line":122,"column":28}},"40":{"start":{"line":123,"column":16},"end":{"line":123,"column":56}},"41":{"start":{"line":124,"column":16},"end":{"line":124,"column":23}},"42":{"start":{"line":127,"column":28},"end":{"line":127,"column":39}},"43":{"start":{"line":129,"column":12},"end":{"line":129,"column":41}},"44":{"start":{"line":130,"column":12},"end":{"line":130,"column":24}},"45":{"start":{"line":132,"column":12},"end":{"line":133,"column":23}},"46":{"start":{"line":133,"column":16},"end":{"line":133,"column":23}},"47":{"start":{"line":135,"column":12},"end":{"line":135,"column":25}},"48":{"start":{"line":136,"column":22},"end":{"line":136,"column":38}},"49":{"start":{"line":137,"column":24},"end":{"line":137,"column":48}},"50":{"start":{"line":139,"column":12},"end":{"line":157,"column":13}},"51":{"start":{"line":140,"column":16},"end":{"line":142,"column":17}},"52":{"start":{"line":141,"column":20},"end":{"line":141,"column":32}},"53":{"start":{"line":143,"column":16},"end":{"line":145,"column":17}},"54":{"start":{"line":144,"column":20},"end":{"line":144,"column":64}},"55":{"start":{"line":146,"column":19},"end":{"line":157,"column":13}},"56":{"start":{"line":147,"column":16},"end":{"line":149,"column":17}},"57":{"start":{"line":148,"column":20},"end":{"line":148,"column":30}},"58":{"start":{"line":150,"column":30},"end":{"line":150,"column":45}},"59":{"start":{"line":151,"column":16},"end":{"line":153,"column":17}},"60":{"start":{"line":152,"column":20},"end":{"line":152,"column":56}},"61":{"start":{"line":156,"column":16},"end":{"line":156,"column":23}},"62":{"start":{"line":159,"column":26},"end":{"line":159,"column":63}},"63":{"start":{"line":160,"column":12},"end":{"line":160,"column":31}},"64":{"start":{"line":161,"column":12},"end":{"line":161,"column":57}},"65":{"start":{"line":165,"column":0},"end":{"line":165,"column":60}}},"fnMap":{"0":{"name":"RingBuffer","decl":{"start":{"line":19,"column":9},"end":{"line":19,"column":19}},"loc":{"start":{"line":19,"column":28},"end":{"line":49,"column":1}},"line":19},"1":{"name":"(anonymous_1)","decl":{"start":{"line":23,"column":18},"end":{"line":23,"column":19}},"loc":{"start":{"line":23,"column":29},"end":{"line":36,"column":5}},"line":23},"2":{"name":"(anonymous_2)","decl":{"start":{"line":37,"column":15},"end":{"line":37,"column":16}},"loc":{"start":{"line":37,"column":25},"end":{"line":40,"column":5}},"line":37},"3":{"name":"(anonymous_3)","decl":{"start":{"line":38,"column":30},"end":{"line":38,"column":31}},"loc":{"start":{"line":38,"column":44},"end":{"line":38,"column":60}},"line":38},"4":{"name":"(anonymous_4)","decl":{"start":{"line":41,"column":16},"end":{"line":41,"column":17}},"loc":{"start":{"line":41,"column":26},"end":{"line":43,"column":5}},"line":41},"5":{"name":"(anonymous_5)","decl":{"start":{"line":44,"column":17},"end":{"line":44,"column":18}},"loc":{"start":{"line":44,"column":27},"end":{"line":48,"column":5}},"line":44},"6":{"name":"toFixed","decl":{"start":{"line":60,"column":9},"end":{"line":60,"column":16}},"loc":{"start":{"line":60,"column":27},"end":{"line":62,"column":1}},"line":60},"7":{"name":"varDiff","decl":{"start":{"line":80,"column":40},"end":{"line":80,"column":47}},"loc":{"start":{"line":80,"column":69},"end":{"line":164,"column":1}},"line":80},"8":{"name":"(anonymous_8)","decl":{"start":{"line":103,"column":24},"end":{"line":103,"column":25}},"loc":{"start":{"line":103,"column":40},"end":{"line":163,"column":5}},"line":103},"9":{"name":"(anonymous_9)","decl":{"start":{"line":116,"column":28},"end":{"line":116,"column":29}},"loc":{"start":{"line":116,"column":38},"end":{"line":162,"column":9}},"line":116}},"branchMap":{"0":{"loc":{"start":{"line":24,"column":8},"end":{"line":35,"column":9}},"type":"if","locations":[{"start":{"line":24,"column":8},"end":{"line":35,"column":9}},{"start":{"line":28,"column":12},"end":{"line":35,"column":9}}],"line":24},"1":{"loc":{"start":{"line":31,"column":12},"end":{"line":34,"column":13}},"type":"if","locations":[{"start":{"line":31,"column":12},"end":{"line":34,"column":13}},{"start":{},"end":{}}],"line":31},"2":{"loc":{"start":{"line":39,"column":22},"end":{"line":39,"column":47}},"type":"cond-expr","locations":[{"start":{"line":39,"column":31},"end":{"line":39,"column":38}},{"start":{"line":39,"column":41},"end":{"line":39,"column":47}}],"line":39},"3":{"loc":{"start":{"line":42,"column":15},"end":{"line":42,"column":40}},"type":"cond-expr","locations":[{"start":{"line":42,"column":24},"end":{"line":42,"column":31}},{"start":{"line":42,"column":34},"end":{"line":42,"column":40}}],"line":42},"4":{"loc":{"start":{"line":107,"column":8},"end":{"line":109,"column":9}},"type":"if","locations":[{"start":{"line":107,"column":8},"end":{"line":109,"column":9}},{"start":{},"end":{}}],"line":107},"5":{"loc":{"start":{"line":120,"column":12},"end":{"line":125,"column":13}},"type":"if","locations":[{"start":{"line":120,"column":12},"end":{"line":125,"column":13}},{"start":{},"end":{}}],"line":120},"6":{"loc":{"start":{"line":132,"column":12},"end":{"line":133,"column":23}},"type":"if","locations":[{"start":{"line":132,"column":12},"end":{"line":133,"column":23}},{"start":{},"end":{}}],"line":132},"7":{"loc":{"start":{"line":132,"column":16},"end":{"line":132,"column":78}},"type":"binary-expr","locations":[{"start":{"line":132,"column":16},"end":{"line":132,"column":53}},{"start":{"line":132,"column":57},"end":{"line":132,"column":78}}],"line":132},"8":{"loc":{"start":{"line":139,"column":12},"end":{"line":157,"column":13}},"type":"if","locations":[{"start":{"line":139,"column":12},"end":{"line":157,"column":13}},{"start":{"line":146,"column":19},"end":{"line":157,"column":13}}],"line":139},"9":{"loc":{"start":{"line":139,"column":16},"end":{"line":139,"column":65}},"type":"binary-expr","locations":[{"start":{"line":139,"column":16},"end":{"line":139,"column":26}},{"start":{"line":139,"column":30},"end":{"line":139,"column":65}}],"line":139},"10":{"loc":{"start":{"line":140,"column":16},"end":{"line":142,"column":17}},"type":"if","locations":[{"start":{"line":140,"column":16},"end":{"line":142,"column":17}},{"start":{},"end":{}}],"line":140},"11":{"loc":{"start":{"line":143,"column":16},"end":{"line":145,"column":17}},"type":"if","locations":[{"start":{"line":143,"column":16},"end":{"line":145,"column":17}},{"start":{},"end":{}}],"line":143},"12":{"loc":{"start":{"line":146,"column":19},"end":{"line":157,"column":13}},"type":"if","locations":[{"start":{"line":146,"column":19},"end":{"line":157,"column":13}},{"start":{"line":155,"column":16},"end":{"line":157,"column":13}}],"line":146},"13":{"loc":{"start":{"line":147,"column":16},"end":{"line":149,"column":17}},"type":"if","locations":[{"start":{"line":147,"column":16},"end":{"line":149,"column":17}},{"start":{},"end":{}}],"line":147},"14":{"loc":{"start":{"line":151,"column":16},"end":{"line":153,"column":17}},"type":"if","locations":[{"start":{"line":151,"column":16},"end":{"line":153,"column":17}},{"start":{},"end":{}}],"line":151}},"s":{"0":1,"1":0,"2":0,"3":0,"4":0,"5":0,"6":0,"7":0,"8":0,"9":0,"10":0,"11":0,"12":0,"13":0,"14":0,"15":0,"16":0,"17":0,"18":0,"19":0,"20":0,"21":0,"22":0,"23":0,"24":1,"25":22,"26":22,"27":22,"28":22,"29":22,"30":22,"31":16,"32":16,"33":16,"34":16,"35":16,"36":0,"37":0,"38":0,"39":0,"40":0,"41":0,"42":0,"43":0,"44":0,"45":0,"46":0,"47":0,"48":0,"49":0,"50":0,"51":0,"52":0,"53":0,"54":0,"55":0,"56":0,"57":0,"58":0,"59":0,"60":0,"61":0,"62":0,"63":0,"64":0,"65":1},"f":{"0":0,"1":0,"2":0,"3":0,"4":0,"5":0,"6":0,"7":22,"8":16,"9":0},"b":{"0":[0,0],"1":[0,0],"2":[0,0],"3":[0,0],"4":[16,0],"5":[0,0],"6":[0,0],"7":[0,0],"8":[0,0],"9":[0,0],"10":[0,0],"11":[0,0],"12":[0,0],"13":[0,0],"14":[0,0]},"_coverageSchema":"1a1c01bbd47fc00a2c39e90264f33305004495a9","hash":"831ec5e4139b1ae80e781702c108de4aa0a9fea3"}
}
