TN:
SF:lib/algoProperties-sha256.js
FN:35,(anonymous_0)
FN:36,(anonymous_1)
FN:49,(anonymous_2)
FNF:3
FNH:3
FNDA:3,(anonymous_0)
FNDA:5,(anonymous_1)
FNDA:3,(anonymous_2)
DA:7,1
DA:8,1
DA:14,1
DA:20,1
DA:36,3
DA:37,5
DA:50,3
DA:51,3
DA:54,3
DA:55,3
DA:57,3
LF:11
LH:11
BRDA:54,0,0,1
BRDA:54,0,1,2
BRDA:55,1,0,1
BRDA:55,1,1,2
BRF:4
BRH:4
end_of_record
TN:
SF:lib/bignum-compat.js
FN:17,(anonymous_0)
FN:42,(anonymous_1)
FN:71,(anonymous_2)
FN:102,(anonymous_3)
FN:117,(anonymous_4)
FN:123,(anonymous_5)
FN:135,(anonymous_6)
FN:141,(anonymous_7)
FN:147,(anonymous_8)
FN:153,(anonymous_9)
FN:159,(anonymous_10)
FN:165,(anonymous_11)
FN:171,(anonymous_12)
FN:177,(anonymous_13)
FN:183,(anonymous_14)
FN:195,(anonymous_15)
FN:209,bignum
FNF:17
FNH:17
FNDA:63,(anonymous_0)
FNDA:5,(anonymous_1)
FNDA:3,(anonymous_2)
FNDA:2,(anonymous_3)
FNDA:2,(anonymous_4)
FNDA:1,(anonymous_5)
FNDA:1,(anonymous_6)
FNDA:2,(anonymous_7)
FNDA:1,(anonymous_8)
FNDA:3,(anonymous_9)
FNDA:1,(anonymous_10)
FNDA:1,(anonymous_11)
FNDA:1,(anonymous_12)
FNDA:1,(anonymous_13)
FNDA:1,(anonymous_14)
FNDA:12,(anonymous_15)
FNDA:47,bignum
DA:18,63
DA:19,1
DA:20,62
DA:22,14
DA:23,48
DA:24,36
DA:25,12
DA:26,12
DA:28,0
DA:43,5
DA:44,5
DA:46,5
DA:48,1
DA:49,1
DA:51,4
DA:55,5
DA:56,1
DA:59,4
DA:72,3
DA:73,3
DA:76,3
DA:77,0
DA:80,3
DA:83,3
DA:84,2
DA:85,2
DA:88,3
DA:89,1
DA:92,3
DA:103,2
DA:107,2
DA:118,2
DA:119,2
DA:124,1
DA:125,1
DA:136,1
DA:137,1
DA:142,2
DA:143,2
DA:148,1
DA:149,1
DA:154,3
DA:155,3
DA:160,1
DA:161,1
DA:166,1
DA:167,1
DA:172,1
DA:173,1
DA:178,1
DA:179,1
DA:184,1
DA:185,1
DA:196,12
DA:210,47
DA:214,6
DA:217,6
LF:57
LH:55
BRDA:18,0,0,1
BRDA:18,0,1,62
BRDA:20,1,0,14
BRDA:20,1,1,48
BRDA:20,2,0,62
BRDA:20,2,1,16
BRDA:22,3,0,14
BRDA:22,3,1,0
BRDA:23,4,0,36
BRDA:23,4,1,12
BRDA:23,5,0,48
BRDA:23,5,1,14
BRDA:25,6,0,12
BRDA:25,6,1,0
BRDA:42,7,0,4
BRDA:43,8,0,4
BRDA:46,9,0,1
BRDA:46,9,1,4
BRDA:55,10,0,1
BRDA:55,10,1,4
BRDA:55,11,0,5
BRDA:55,11,1,4
BRDA:71,12,0,1
BRDA:72,13,0,2
BRDA:72,14,0,1
BRDA:76,15,0,0
BRDA:76,15,1,3
BRDA:83,16,0,2
BRDA:83,16,1,1
BRDA:88,17,0,1
BRDA:88,17,1,2
BRDA:103,18,0,1
BRDA:103,18,1,1
BRDA:118,19,0,1
BRDA:118,19,1,1
BRDA:124,20,0,0
BRDA:124,20,1,1
BRDA:136,21,0,1
BRDA:136,21,1,0
BRDA:142,22,0,2
BRDA:142,22,1,0
BRDA:148,23,0,1
BRDA:148,23,1,0
BRDA:154,24,0,2
BRDA:154,24,1,1
BRDA:160,25,0,1
BRDA:160,25,1,0
BRDA:166,26,0,1
BRDA:166,26,1,0
BRDA:172,27,0,1
BRDA:172,27,1,0
BRDA:178,28,0,0
BRDA:178,28,1,1
BRDA:184,29,0,0
BRDA:184,29,1,1
BRDA:195,30,0,5
BRF:56
BRH:44
end_of_record
TN:
SF:lib/blockTemplate.js
FN:22,BlockTemplate
FN:28,getMerkleHashes
FN:29,(anonymous_2)
FN:34,getTransactionBuffers
FN:35,(anonymous_4)
FN:44,getVoteData
FN:49,(anonymous_6)
FN:83,(anonymous_7)
FN:105,(anonymous_8)
FN:125,(anonymous_9)
FN:148,(anonymous_10)
FN:173,(anonymous_11)
FN:197,(anonymous_12)
FNF:13
FNH:11
FNDA:8,BlockTemplate
FNDA:8,getMerkleHashes
FNDA:1,(anonymous_2)
FNDA:8,getTransactionBuffers
FNDA:1,(anonymous_4)
FNDA:1,getVoteData
FNDA:0,(anonymous_6)
FNDA:1,(anonymous_7)
FNDA:2,(anonymous_8)
FNDA:0,(anonymous_9)
FNDA:1,(anonymous_10)
FNDA:2,(anonymous_11)
FNDA:1,(anonymous_12)
DA:1,1
DA:3,1
DA:4,1
DA:5,1
DA:22,1
DA:26,8
DA:29,8
DA:30,1
DA:35,8
DA:36,1
DA:37,1
DA:39,0
DA:41,8
DA:45,1
DA:47,0
DA:50,0
DA:58,8
DA:59,8
DA:62,8
DA:64,8
DA:65,8
DA:67,8
DA:72,8
DA:73,8
DA:74,8
DA:75,8
DA:76,8
DA:82,8
DA:83,8
DA:84,1
DA:86,8
DA:87,8
DA:88,8
DA:105,8
DA:106,2
DA:125,8
DA:127,0
DA:128,0
DA:129,0
DA:130,0
DA:131,0
DA:132,0
DA:133,0
DA:135,0
DA:136,0
DA:137,0
DA:148,8
DA:149,1
DA:173,8
DA:174,2
DA:175,2
DA:176,1
DA:177,1
DA:179,1
DA:197,8
DA:198,1
DA:199,1
DA:211,1
LF:58
LH:45
BRDA:36,0,0,1
BRDA:36,0,1,0
BRDA:45,1,0,1
BRDA:45,1,1,0
BRDA:67,2,0,8
BRDA:67,2,1,0
BRDA:135,3,0,0
BRDA:135,3,1,0
BRDA:159,4,0,0
BRDA:159,4,1,1
BRDA:175,5,0,1
BRDA:175,5,1,1
BRDA:198,6,0,1
BRDA:198,6,1,0
BRF:14
BRH:7
end_of_record
TN:
SF:lib/daemon.js
FN:55,DaemonInterface
FN:59,(anonymous_1)
FN:64,(anonymous_2)
FN:71,init
FN:72,(anonymous_4)
FN:78,isOnline
FN:79,(anonymous_6)
FN:80,(anonymous_7)
FN:90,validateInput
FN:133,performHttpRequest
FN:148,(anonymous_10)
FN:174,(anonymous_11)
FN:177,(anonymous_12)
FN:180,(anonymous_13)
FN:185,(anonymous_14)
FN:192,(anonymous_15)
FN:200,(anonymous_16)
FN:218,batchCmd
FN:239,(anonymous_18)
FN:248,cmd
FN:263,(anonymous_20)
FN:265,(anonymous_21)
FN:276,(anonymous_22)
FN:285,(anonymous_23)
FN:290,(anonymous_24)
FNF:25
FNH:9
FNDA:5,DaemonInterface
FNDA:0,(anonymous_1)
FNDA:5,(anonymous_2)
FNDA:0,init
FNDA:0,(anonymous_4)
FNDA:1,isOnline
FNDA:1,(anonymous_6)
FNDA:0,(anonymous_7)
FNDA:5,validateInput
FNDA:4,performHttpRequest
FNDA:0,(anonymous_10)
FNDA:0,(anonymous_11)
FNDA:0,(anonymous_12)
FNDA:0,(anonymous_13)
FNDA:0,(anonymous_14)
FNDA:0,(anonymous_15)
FNDA:0,(anonymous_16)
FNDA:0,batchCmd
FNDA:0,(anonymous_18)
FNDA:5,cmd
FNDA:4,(anonymous_20)
FNDA:0,(anonymous_21)
FNDA:0,(anonymous_22)
FNDA:0,(anonymous_23)
FNDA:1,(anonymous_24)
DA:1,1
DA:2,1
DA:3,1
DA:5,1
DA:8,1
DA:9,1
DA:10,1
DA:13,1
DA:58,5
DA:59,5
DA:60,0
DA:64,5
DA:65,5
DA:66,4
DA:67,5
DA:72,0
DA:73,0
DA:74,0
DA:79,1
DA:80,1
DA:81,0
DA:83,1
DA:84,0
DA:85,0
DA:92,5
DA:93,0
DA:97,5
DA:98,0
DA:102,5
DA:103,0
DA:107,5
DA:108,0
DA:111,0
DA:113,0
DA:114,0
DA:117,0
DA:118,0
DA:123,0
DA:124,0
DA:125,0
DA:130,5
DA:134,4
DA:136,4
DA:148,4
DA:151,0
DA:152,0
DA:153,0
DA:156,0
DA:157,0
DA:160,0
DA:161,0
DA:162,0
DA:163,0
DA:165,0
DA:170,0
DA:171,0
DA:174,4
DA:175,0
DA:176,0
DA:177,0
DA:178,0
DA:180,0
DA:181,0
DA:185,4
DA:186,0
DA:187,0
DA:188,0
DA:190,0
DA:191,0
DA:192,0
DA:193,0
DA:196,0
DA:200,4
DA:201,0
DA:202,0
DA:205,4
DA:220,0
DA:222,0
DA:224,0
DA:225,0
DA:226,0
DA:227,0
DA:230,0
DA:237,0
DA:239,0
DA:240,0
DA:250,5
DA:251,5
DA:252,0
DA:253,0
DA:254,0
DA:256,0
DA:258,0
DA:261,5
DA:263,5
DA:265,4
DA:267,0
DA:272,0
DA:273,0
DA:274,0
DA:275,0
DA:276,0
DA:279,4
DA:285,4
DA:286,0
DA:291,1
DA:292,1
DA:308,5
DA:316,5
DA:328,5
DA:337,5
DA:340,1
DA:342,1
LF:113
LH:44
BRDA:59,0,0,5
BRDA:59,0,1,5
BRDA:73,1,0,0
BRDA:73,1,1,0
BRDA:84,2,0,0
BRDA:84,2,1,0
BRDA:92,3,0,0
BRDA:92,3,1,5
BRDA:92,4,0,5
BRDA:92,4,1,5
BRDA:97,5,0,0
BRDA:97,5,1,5
BRDA:102,6,0,0
BRDA:102,6,1,5
BRDA:111,7,0,0
BRDA:111,7,1,0
BRDA:113,8,0,0
BRDA:113,8,1,0
BRDA:113,9,0,0
BRDA:113,9,1,0
BRDA:117,10,0,0
BRDA:117,10,1,0
BRDA:123,11,0,0
BRDA:123,11,1,0
BRDA:124,12,0,0
BRDA:124,12,1,0
BRDA:134,13,0,4
BRDA:134,13,1,4
BRDA:137,14,0,0
BRDA:137,14,1,4
BRDA:151,15,0,0
BRDA:151,15,1,0
BRDA:160,16,0,0
BRDA:160,16,1,0
BRDA:170,17,0,0
BRDA:170,17,1,0
BRDA:186,18,0,0
BRDA:186,18,1,0
BRDA:188,19,0,0
BRDA:188,19,1,0
BRDA:188,20,0,0
BRDA:188,20,1,0
BRDA:188,20,2,0
BRDA:225,21,0,0
BRDA:225,21,1,0
BRDA:251,22,0,0
BRDA:251,22,1,5
BRDA:253,23,0,0
BRDA:253,23,1,0
BRDA:269,24,0,0
BRDA:269,24,1,0
BRDA:272,25,0,0
BRDA:272,25,1,0
BRDA:273,26,0,0
BRDA:273,26,1,0
BRDA:291,27,0,1
BRDA:291,27,1,0
BRF:57
BRH:12
end_of_record
TN:
SF:lib/index.js
FN:61,(anonymous_0)
FNF:1
FNH:0
FNDA:0,(anonymous_0)
DA:33,0
DA:34,0
DA:37,0
DA:39,0
DA:45,0
DA:51,0
DA:61,0
DA:62,0
DA:63,0
LF:9
LH:0
BRF:0
BRH:0
end_of_record
TN:
SF:lib/jobManager.js
FN:22,(anonymous_0)
FN:33,(anonymous_1)
FN:47,(anonymous_2)
FN:56,(anonymous_3)
FN:69,(anonymous_4)
FN:94,JobManager
FN:115,(anonymous_6)
FN:130,(anonymous_7)
FN:134,(anonymous_8)
FN:140,(anonymous_9)
FN:145,(anonymous_10)
FN:149,(anonymous_11)
FN:164,(anonymous_12)
FN:195,(anonymous_13)
FN:254,(anonymous_14)
FN:255,(anonymous_15)
FNF:16
FNH:11
FNDA:8,(anonymous_0)
FNDA:0,(anonymous_1)
FNDA:8,(anonymous_2)
FNDA:8,(anonymous_3)
FNDA:8,(anonymous_4)
FNDA:8,JobManager
FNDA:8,(anonymous_6)
FNDA:8,(anonymous_7)
FNDA:0,(anonymous_8)
FNDA:0,(anonymous_9)
FNDA:0,(anonymous_10)
FNDA:0,(anonymous_11)
FNDA:1,(anonymous_12)
FNDA:7,(anonymous_13)
FNDA:5,(anonymous_14)
FNDA:5,(anonymous_15)
DA:1,1
DA:2,1
DA:4,1
DA:8,1
DA:9,1
DA:10,1
DA:11,1
DA:22,1
DA:24,8
DA:25,8
DA:33,8
DA:34,0
DA:35,0
DA:38,8
DA:47,1
DA:48,8
DA:56,8
DA:57,8
DA:58,8
DA:59,0
DA:60,8
DA:69,8
DA:70,8
DA:94,1
DA:99,8
DA:100,8
DA:102,8
DA:106,8
DA:107,8
DA:108,8
DA:110,8
DA:111,8
DA:113,8
DA:115,8
DA:116,8
DA:120,0
DA:121,0
DA:123,0
DA:125,8
DA:130,8
DA:131,8
DA:133,0
DA:134,0
DA:135,0
DA:139,0
DA:140,0
DA:141,0
DA:145,0
DA:146,0
DA:149,8
DA:150,0
DA:164,8
DA:166,1
DA:176,1
DA:178,1
DA:180,1
DA:182,1
DA:195,8
DA:199,7
DA:200,7
DA:201,0
DA:204,0
DA:205,0
DA:208,7
DA:211,7
DA:221,7
DA:223,7
DA:224,7
DA:226,7
DA:228,7
DA:254,8
DA:255,5
DA:256,5
DA:263,5
DA:266,5
DA:268,5
DA:269,1
DA:271,4
DA:273,4
DA:274,1
DA:277,3
DA:278,0
DA:281,3
DA:282,3
DA:283,1
DA:286,2
DA:287,1
DA:291,1
DA:302,1
DA:306,0
DA:307,0
DA:308,0
DA:313,0
DA:315,0
DA:316,0
DA:319,0
DA:321,0
DA:322,0
DA:332,1
DA:333,1
DA:337,0
DA:338,0
DA:340,0
DA:341,0
DA:343,0
DA:345,0
DA:346,0
DA:347,0
DA:356,0
DA:357,0
DA:358,0
DA:375,0
DA:376,0
DA:377,0
DA:379,0
DA:382,0
DA:384,0
DA:387,0
DA:398,0
DA:406,0
DA:407,0
DA:410,0
DA:411,0
DA:413,0
DA:414,0
DA:415,0
DA:418,0
DA:422,0
DA:423,0
DA:426,0
DA:429,0
DA:430,0
DA:431,0
DA:432,0
DA:433,0
DA:434,0
DA:438,0
DA:439,0
DA:442,0
DA:449,0
DA:464,0
DA:467,1
LF:142
LH:73
BRDA:24,0,0,8
BRDA:24,0,1,0
BRDA:58,1,0,0
BRDA:58,1,1,8
BRDA:116,2,0,0
BRDA:116,2,1,0
BRDA:116,2,2,0
BRDA:116,2,3,8
BRDA:120,3,0,0
BRDA:120,3,1,0
BRDA:131,4,0,0
BRDA:131,4,1,0
BRDA:131,4,2,0
BRDA:131,4,3,8
BRDA:133,5,0,0
BRDA:133,5,1,0
BRDA:139,6,0,0
BRDA:139,6,1,0
BRDA:200,7,0,0
BRDA:200,7,1,7
BRDA:200,8,0,7
BRDA:200,8,1,0
BRDA:204,9,0,0
BRDA:204,9,1,0
BRDA:208,10,0,0
BRDA:208,10,1,7
BRDA:268,11,0,1
BRDA:268,11,1,4
BRDA:273,12,0,1
BRDA:273,12,1,3
BRDA:273,13,0,4
BRDA:273,13,1,3
BRDA:277,14,0,0
BRDA:277,14,1,3
BRDA:282,15,0,1
BRDA:282,15,1,2
BRDA:282,16,0,3
BRDA:282,16,1,2
BRDA:286,17,0,1
BRDA:286,17,1,1
BRDA:291,18,0,1
BRDA:291,18,1,1
BRDA:302,19,0,0
BRDA:302,19,1,1
BRDA:306,20,0,0
BRDA:306,20,1,0
BRDA:313,21,0,0
BRDA:313,21,1,0
BRDA:319,22,0,0
BRDA:319,22,1,0
BRDA:321,23,0,0
BRDA:321,23,1,0
BRDA:332,24,0,1
BRDA:332,24,1,0
BRDA:382,25,0,0
BRDA:382,25,1,0
BRDA:414,26,0,0
BRDA:414,26,1,0
BRDA:414,27,0,0
BRDA:414,27,1,0
BRDA:422,28,0,0
BRDA:422,28,1,0
BRDA:426,29,0,0
BRDA:426,29,1,0
BRDA:429,30,0,0
BRDA:429,30,1,0
BRDA:429,31,0,0
BRDA:429,31,1,0
BRDA:438,32,0,0
BRDA:438,32,1,0
BRDA:438,33,0,0
BRDA:438,33,1,0
BRF:72
BRH:24
end_of_record
TN:
SF:lib/merkleTree.js
FN:18,MerkleTree
FN:20,merkleJoin
FN:26,calculateSteps
FN:46,(anonymous_3)
FN:69,(anonymous_4)
FN:70,(anonymous_5)
FNF:6
FNH:2
FNDA:8,MerkleTree
FNDA:0,merkleJoin
FNDA:8,calculateSteps
FNDA:0,(anonymous_3)
FNDA:0,(anonymous_4)
FNDA:0,(anonymous_5)
DA:9,1
DA:18,1
DA:21,0
DA:22,0
DA:23,0
DA:27,8
DA:28,8
DA:29,8
DA:30,8
DA:31,8
DA:33,8
DA:34,1
DA:36,2
DA:37,1
DA:39,1
DA:41,1
DA:42,0
DA:44,1
DA:45,1
DA:46,1
DA:47,0
DA:49,1
DA:50,1
DA:53,8
DA:56,8
DA:57,8
DA:60,1
DA:70,0
DA:71,0
DA:73,0
LF:30
LH:22
BRDA:33,0,0,1
BRDA:33,0,1,7
BRDA:36,1,0,1
BRDA:36,1,1,1
BRDA:41,2,0,0
BRDA:41,2,1,1
BRF:6
BRH:5
end_of_record
TN:
SF:lib/peer.js
FN:24,(anonymous_0)
FN:31,(anonymous_1)
FN:40,(anonymous_2)
FN:44,(anonymous_3)
FN:79,(anonymous_4)
FN:115,init
FN:120,Connect
FN:125,(anonymous_7)
FN:128,(anonymous_8)
FN:138,(anonymous_9)
FN:152,SetupMessageParser
FN:154,(anonymous_11)
FN:156,(anonymous_12)
FN:173,(anonymous_13)
FN:190,HandleInv
FN:215,HandleMessage
FN:240,SendMessage
FN:252,SendVersion
FNF:18
FNH:0
FNDA:0,(anonymous_0)
FNDA:0,(anonymous_1)
FNDA:0,(anonymous_2)
FNDA:0,(anonymous_3)
FNDA:0,(anonymous_4)
FNDA:0,init
FNDA:0,Connect
FNDA:0,(anonymous_7)
FNDA:0,(anonymous_8)
FNDA:0,(anonymous_9)
FNDA:0,SetupMessageParser
FNDA:0,(anonymous_11)
FNDA:0,(anonymous_12)
FNDA:0,(anonymous_13)
FNDA:0,HandleInv
FNDA:0,HandleMessage
FNDA:0,SendMessage
FNDA:0,SendVersion
DA:9,0
DA:10,0
DA:11,0
DA:13,0
DA:24,0
DA:25,0
DA:26,0
DA:27,0
DA:28,0
DA:31,0
DA:32,0
DA:40,0
DA:42,0
DA:44,0
DA:45,0
DA:46,0
DA:47,0
DA:48,0
DA:49,0
DA:52,0
DA:55,0
DA:79,0
DA:81,0
DA:83,0
DA:84,0
DA:85,0
DA:86,0
DA:89,0
DA:95,0
DA:96,0
DA:97,0
DA:98,0
DA:102,0
DA:104,0
DA:115,0
DA:116,0
DA:122,0
DA:126,0
DA:128,0
DA:129,0
DA:130,0
DA:131,0
DA:132,0
DA:134,0
DA:135,0
DA:138,0
DA:139,0
DA:140,0
DA:141,0
DA:144,0
DA:148,0
DA:154,0
DA:156,0
DA:157,0
DA:158,0
DA:159,0
DA:160,0
DA:161,0
DA:163,0
DA:164,0
DA:166,0
DA:168,0
DA:170,0
DA:171,0
DA:172,0
DA:173,0
DA:174,0
DA:175,0
DA:176,0
DA:177,0
DA:179,0
DA:180,0
DA:185,0
DA:192,0
DA:193,0
DA:194,0
DA:196,0
DA:197,0
DA:199,0
DA:200,0
DA:202,0
DA:204,0
DA:205,0
DA:207,0
DA:208,0
DA:209,0
DA:211,0
DA:216,0
DA:217,0
DA:219,0
DA:220,0
DA:222,0
DA:223,0
DA:224,0
DA:226,0
DA:228,0
DA:229,0
DA:232,0
DA:234,0
DA:241,0
DA:248,0
DA:249,0
DA:253,0
DA:264,0
DA:269,0
LF:105
LH:0
BRDA:42,0,0,0
BRDA:42,0,1,0
BRDA:46,1,0,0
BRDA:46,1,1,0
BRDA:48,2,0,0
BRDA:48,2,1,0
BRDA:83,3,0,0
BRDA:83,3,1,0
BRDA:102,4,0,0
BRDA:102,4,1,0
BRDA:129,5,0,0
BRDA:129,5,1,0
BRDA:134,6,0,0
BRDA:134,6,1,0
BRDA:139,7,0,0
BRDA:139,7,1,0
BRDA:158,8,0,0
BRDA:158,8,1,0
BRDA:160,9,0,0
BRDA:160,9,1,0
BRDA:163,10,0,0
BRDA:163,10,1,0
BRDA:174,11,0,0
BRDA:174,11,1,0
BRDA:194,12,0,0
BRDA:194,12,1,0
BRDA:200,13,0,0
BRDA:200,13,1,0
BRDA:200,13,2,0
BRDA:217,14,0,0
BRDA:217,14,1,0
BRDA:217,14,2,0
BRDA:217,14,3,0
BRDA:217,14,4,0
BRDA:222,15,0,0
BRDA:222,15,1,0
BRF:36
BRH:0
end_of_record
TN:
SF:lib/pool.js
FN:44,pool
FN:52,(anonymous_1)
FN:53,(anonymous_2)
FN:54,(anonymous_3)
FN:55,(anonymous_4)
FN:73,(anonymous_5)
FN:76,(anonymous_6)
FN:77,(anonymous_7)
FN:80,(anonymous_8)
FN:81,(anonymous_9)
FN:84,(anonymous_10)
FN:105,GetFirstJob
FN:107,(anonymous_12)
FN:117,(anonymous_13)
FN:145,OutputPoolInfo
FN:184,OnBlockchainSynced
FN:186,(anonymous_16)
FN:187,(anonymous_17)
FN:188,(anonymous_18)
FN:205,(anonymous_19)
FN:212,(anonymous_20)
FN:215,(anonymous_21)
FN:216,(anonymous_22)
FN:221,(anonymous_23)
FN:224,(anonymous_24)
FN:244,SetupApi
FN:259,SetupPeer
FN:273,(anonymous_27)
FN:275,(anonymous_28)
FN:277,(anonymous_29)
FN:279,(anonymous_30)
FN:281,(anonymous_31)
FN:283,(anonymous_32)
FN:285,(anonymous_33)
FN:295,SetupVarDiff
FN:297,(anonymous_35)
FN:313,SubmitBlock
FN:328,(anonymous_37)
FN:358,SetupRecipients
FN:393,SetupJobManager
FN:397,(anonymous_40)
FN:402,(anonymous_41)
FN:409,(anonymous_42)
FN:412,(anonymous_43)
FN:424,(anonymous_44)
FN:425,(anonymous_45)
FN:430,(anonymous_46)
FN:438,(anonymous_47)
FN:453,SetupDaemonInterface
FN:460,(anonymous_49)
FN:464,(anonymous_50)
FN:467,(anonymous_51)
FN:470,(anonymous_52)
FN:487,DetectCoinData
FN:501,(anonymous_54)
FN:540,(anonymous_55)
FN:600,StartStratumServer
FN:603,(anonymous_57)
FN:608,(anonymous_58)
FN:611,(anonymous_59)
FN:616,(anonymous_60)
FN:621,(anonymous_61)
FN:624,(anonymous_62)
FN:641,(anonymous_63)
FN:658,(anonymous_64)
FN:661,(anonymous_65)
FN:664,(anonymous_66)
FN:667,(anonymous_67)
FN:670,(anonymous_68)
FN:673,(anonymous_69)
FN:676,(anonymous_70)
FN:679,(anonymous_71)
FN:682,(anonymous_72)
FN:685,(anonymous_73)
FN:688,(anonymous_74)
FN:705,SetupBlockPolling
FN:713,(anonymous_76)
FN:714,(anonymous_77)
FN:733,GetBlockTemplate
FN:736,(anonymous_79)
FN:744,(anonymous_80)
FN:763,CheckBlockAccepted
FN:767,(anonymous_82)
FN:768,(anonymous_83)
FN:794,(anonymous_84)
FN:797,(anonymous_85)
FN:813,(anonymous_86)
FN:817,(anonymous_87)
FN:823,(anonymous_88)
FN:824,(anonymous_89)
FN:829,(anonymous_90)
FN:832,(anonymous_91)
FN:850,(anonymous_92)
FN:851,(anonymous_93)
FN:864,(anonymous_94)
FN:880,(anonymous_95)
FN:886,(anonymous_96)
FNF:97
FNH:0
FNDA:0,pool
FNDA:0,(anonymous_1)
FNDA:0,(anonymous_2)
FNDA:0,(anonymous_3)
FNDA:0,(anonymous_4)
FNDA:0,(anonymous_5)
FNDA:0,(anonymous_6)
FNDA:0,(anonymous_7)
FNDA:0,(anonymous_8)
FNDA:0,(anonymous_9)
FNDA:0,(anonymous_10)
FNDA:0,GetFirstJob
FNDA:0,(anonymous_12)
FNDA:0,(anonymous_13)
FNDA:0,OutputPoolInfo
FNDA:0,OnBlockchainSynced
FNDA:0,(anonymous_16)
FNDA:0,(anonymous_17)
FNDA:0,(anonymous_18)
FNDA:0,(anonymous_19)
FNDA:0,(anonymous_20)
FNDA:0,(anonymous_21)
FNDA:0,(anonymous_22)
FNDA:0,(anonymous_23)
FNDA:0,(anonymous_24)
FNDA:0,SetupApi
FNDA:0,SetupPeer
FNDA:0,(anonymous_27)
FNDA:0,(anonymous_28)
FNDA:0,(anonymous_29)
FNDA:0,(anonymous_30)
FNDA:0,(anonymous_31)
FNDA:0,(anonymous_32)
FNDA:0,(anonymous_33)
FNDA:0,SetupVarDiff
FNDA:0,(anonymous_35)
FNDA:0,SubmitBlock
FNDA:0,(anonymous_37)
FNDA:0,SetupRecipients
FNDA:0,SetupJobManager
FNDA:0,(anonymous_40)
FNDA:0,(anonymous_41)
FNDA:0,(anonymous_42)
FNDA:0,(anonymous_43)
FNDA:0,(anonymous_44)
FNDA:0,(anonymous_45)
FNDA:0,(anonymous_46)
FNDA:0,(anonymous_47)
FNDA:0,SetupDaemonInterface
FNDA:0,(anonymous_49)
FNDA:0,(anonymous_50)
FNDA:0,(anonymous_51)
FNDA:0,(anonymous_52)
FNDA:0,DetectCoinData
FNDA:0,(anonymous_54)
FNDA:0,(anonymous_55)
FNDA:0,StartStratumServer
FNDA:0,(anonymous_57)
FNDA:0,(anonymous_58)
FNDA:0,(anonymous_59)
FNDA:0,(anonymous_60)
FNDA:0,(anonymous_61)
FNDA:0,(anonymous_62)
FNDA:0,(anonymous_63)
FNDA:0,(anonymous_64)
FNDA:0,(anonymous_65)
FNDA:0,(anonymous_66)
FNDA:0,(anonymous_67)
FNDA:0,(anonymous_68)
FNDA:0,(anonymous_69)
FNDA:0,(anonymous_70)
FNDA:0,(anonymous_71)
FNDA:0,(anonymous_72)
FNDA:0,(anonymous_73)
FNDA:0,(anonymous_74)
FNDA:0,SetupBlockPolling
FNDA:0,(anonymous_76)
FNDA:0,(anonymous_77)
FNDA:0,GetBlockTemplate
FNDA:0,(anonymous_79)
FNDA:0,(anonymous_80)
FNDA:0,CheckBlockAccepted
FNDA:0,(anonymous_82)
FNDA:0,(anonymous_83)
FNDA:0,(anonymous_84)
FNDA:0,(anonymous_85)
FNDA:0,(anonymous_86)
FNDA:0,(anonymous_87)
FNDA:0,(anonymous_88)
FNDA:0,(anonymous_89)
FNDA:0,(anonymous_90)
FNDA:0,(anonymous_91)
FNDA:0,(anonymous_92)
FNDA:0,(anonymous_93)
FNDA:0,(anonymous_94)
FNDA:0,(anonymous_95)
FNDA:0,(anonymous_96)
DA:1,0
DA:2,0
DA:4,0
DA:5,0
DA:6,0
DA:7,0
DA:8,0
DA:9,0
DA:44,0
DA:46,0
DA:48,0
DA:52,0
DA:53,0
DA:54,0
DA:55,0
DA:59,0
DA:60,0
DA:61,0
DA:73,0
DA:74,0
DA:75,0
DA:76,0
DA:77,0
DA:78,0
DA:79,0
DA:80,0
DA:81,0
DA:82,0
DA:83,0
DA:84,0
DA:85,0
DA:86,0
DA:107,0
DA:108,0
DA:109,0
DA:110,0
DA:113,0
DA:115,0
DA:117,0
DA:118,0
DA:119,0
DA:120,0
DA:124,0
DA:125,0
DA:127,0
DA:130,0
DA:147,0
DA:149,0
DA:150,0
DA:151,0
DA:153,0
DA:165,0
DA:166,0
DA:168,0
DA:186,0
DA:187,0
DA:188,0
DA:189,0
DA:191,0
DA:192,0
DA:195,0
DA:196,0
DA:199,0
DA:200,0
DA:205,0
DA:207,0
DA:208,0
DA:212,0
DA:214,0
DA:215,0
DA:216,0
DA:217,0
DA:221,0
DA:223,0
DA:224,0
DA:225,0
DA:228,0
DA:229,0
DA:245,0
DA:246,0
DA:248,0
DA:260,0
DA:261,0
DA:263,0
DA:264,0
DA:265,0
DA:267,0
DA:268,0
DA:269,0
DA:272,0
DA:273,0
DA:274,0
DA:276,0
DA:278,0
DA:280,0
DA:282,0
DA:284,0
DA:286,0
DA:296,0
DA:297,0
DA:298,0
DA:299,0
DA:316,0
DA:317,0
DA:318,0
DA:321,0
DA:322,0
DA:326,0
DA:329,0
DA:330,0
DA:331,0
DA:332,0
DA:336,0
DA:338,0
DA:339,0
DA:340,0
DA:343,0
DA:344,0
DA:359,0
DA:360,0
DA:361,0
DA:362,0
DA:363,0
DA:364,0
DA:367,0
DA:368,0
DA:369,0
DA:371,0
DA:372,0
DA:373,0
DA:376,0
DA:379,0
DA:380,0
DA:382,0
DA:395,0
DA:397,0
DA:399,0
DA:400,0
DA:404,0
DA:405,0
DA:406,0
DA:407,0
DA:410,0
DA:411,0
DA:412,0
DA:413,0
DA:421,0
DA:422,0
DA:424,0
DA:425,0
DA:426,0
DA:427,0
DA:428,0
DA:430,0
DA:431,0
DA:432,0
DA:439,0
DA:455,0
DA:456,0
DA:457,0
DA:460,0
DA:461,0
DA:464,0
DA:465,0
DA:468,0
DA:471,0
DA:475,0
DA:489,0
DA:496,0
DA:497,0
DA:499,0
DA:501,0
DA:502,0
DA:503,0
DA:504,0
DA:507,0
DA:509,0
DA:510,0
DA:511,0
DA:512,0
DA:514,0
DA:515,0
DA:516,0
DA:520,0
DA:521,0
DA:522,0
DA:525,0
DA:526,0
DA:527,0
DA:529,0
DA:535,0
DA:536,0
DA:537,0
DA:540,0
DA:541,0
DA:543,0
DA:546,0
DA:547,0
DA:550,0
DA:554,0
DA:556,0
DA:558,0
DA:559,0
DA:560,0
DA:563,0
DA:570,0
DA:571,0
DA:573,0
DA:574,0
DA:577,0
DA:578,0
DA:581,0
DA:601,0
DA:603,0
DA:604,0
DA:605,0
DA:606,0
DA:609,0
DA:611,0
DA:612,0
DA:613,0
DA:617,0
DA:618,0
DA:621,0
DA:622,0
DA:626,0
DA:627,0
DA:628,0
DA:633,0
DA:634,0
DA:636,0
DA:639,0
DA:642,0
DA:656,0
DA:659,0
DA:662,0
DA:665,0
DA:671,0
DA:674,0
DA:677,0
DA:680,0
DA:683,0
DA:686,0
DA:689,0
DA:690,0
DA:706,0
DA:707,0
DA:708,0
DA:711,0
DA:713,0
DA:714,0
DA:715,0
DA:716,0
DA:734,0
DA:737,0
DA:738,0
DA:740,0
DA:742,0
DA:743,0
DA:744,0
DA:765,0
DA:768,0
DA:769,0
DA:772,0
DA:773,0
DA:776,0
DA:794,0
DA:795,0
DA:796,0
DA:797,0
DA:798,0
DA:799,0
DA:813,0
DA:814,0
DA:816,0
DA:817,0
DA:818,0
DA:820,0
DA:824,0
DA:825,0
DA:826,0
DA:829,0
DA:830,0
DA:833,0
DA:850,0
DA:851,0
DA:852,0
DA:854,0
DA:864,0
DA:865,0
DA:880,0
DA:881,0
DA:882,0
DA:884,0
DA:885,0
DA:886,0
DA:890,0
DA:892,0
DA:896,0
DA:897,0
DA:898,0
DA:899,0
DA:906,0
LF:303
LH:0
BRDA:59,0,0,0
BRDA:59,0,1,0
BRDA:108,1,0,0
BRDA:108,1,1,0
BRDA:119,2,0,0
BRDA:119,2,1,0
BRDA:124,3,0,0
BRDA:124,3,1,0
BRDA:124,4,0,0
BRDA:124,4,1,0
BRDA:124,4,2,0
BRDA:149,5,0,0
BRDA:149,5,1,0
BRDA:149,6,0,0
BRDA:149,6,1,0
BRDA:154,7,0,0
BRDA:154,7,1,0
BRDA:165,8,0,0
BRDA:165,8,1,0
BRDA:165,9,0,0
BRDA:165,9,1,0
BRDA:189,10,0,0
BRDA:189,10,1,0
BRDA:191,11,0,0
BRDA:191,11,1,0
BRDA:195,12,0,0
BRDA:195,12,1,0
BRDA:199,13,0,0
BRDA:199,13,1,0
BRDA:199,14,0,0
BRDA:199,14,1,0
BRDA:207,15,0,0
BRDA:207,15,1,0
BRDA:207,16,0,0
BRDA:207,16,1,0
BRDA:214,17,0,0
BRDA:214,17,1,0
BRDA:245,18,0,0
BRDA:245,18,1,0
BRDA:245,19,0,0
BRDA:245,19,1,0
BRDA:260,20,0,0
BRDA:260,20,1,0
BRDA:260,21,0,0
BRDA:260,21,1,0
BRDA:263,22,0,0
BRDA:263,22,1,0
BRDA:263,23,0,0
BRDA:263,23,1,0
BRDA:267,24,0,0
BRDA:267,24,1,0
BRDA:298,25,0,0
BRDA:298,25,1,0
BRDA:316,26,0,0
BRDA:316,26,1,0
BRDA:331,27,0,0
BRDA:331,27,1,0
BRDA:338,28,0,0
BRDA:338,28,1,0
BRDA:361,29,0,0
BRDA:361,29,1,0
BRDA:368,30,0,0
BRDA:368,30,1,0
BRDA:379,31,0,0
BRDA:379,31,1,0
BRDA:399,32,0,0
BRDA:399,32,1,0
BRDA:404,33,0,0
BRDA:404,33,1,0
BRDA:421,34,0,0
BRDA:421,34,1,0
BRDA:431,35,0,0
BRDA:431,35,1,0
BRDA:455,36,0,0
BRDA:455,36,1,0
BRDA:455,37,0,0
BRDA:455,37,1,0
BRDA:496,38,0,0
BRDA:496,38,1,0
BRDA:502,39,0,0
BRDA:502,39,1,0
BRDA:502,40,0,0
BRDA:502,40,1,0
BRDA:512,41,0,0
BRDA:512,41,1,0
BRDA:514,42,0,0
BRDA:514,42,1,0
BRDA:514,43,0,0
BRDA:514,43,1,0
BRDA:514,43,2,0
BRDA:520,44,0,0
BRDA:520,44,1,0
BRDA:525,45,0,0
BRDA:525,45,1,0
BRDA:526,46,0,0
BRDA:526,46,1,0
BRDA:526,47,0,0
BRDA:526,47,1,0
BRDA:535,48,0,0
BRDA:535,48,1,0
BRDA:535,49,0,0
BRDA:535,49,1,0
BRDA:541,50,0,0
BRDA:541,50,1,0
BRDA:546,51,0,0
BRDA:546,51,1,0
BRDA:550,52,0,0
BRDA:550,52,1,0
BRDA:554,53,0,0
BRDA:554,53,1,0
BRDA:554,54,0,0
BRDA:554,54,1,0
BRDA:556,55,0,0
BRDA:556,55,1,0
BRDA:558,56,0,0
BRDA:558,56,1,0
BRDA:559,57,0,0
BRDA:559,57,1,0
BRDA:564,58,0,0
BRDA:564,58,1,0
BRDA:570,59,0,0
BRDA:570,59,1,0
BRDA:573,60,0,0
BRDA:573,60,1,0
BRDA:612,61,0,0
BRDA:612,61,1,0
BRDA:612,62,0,0
BRDA:612,62,1,0
BRDA:617,63,0,0
BRDA:617,63,1,0
BRDA:633,64,0,0
BRDA:633,64,1,0
BRDA:633,65,0,0
BRDA:633,65,1,0
BRDA:656,66,0,0
BRDA:656,66,1,0
BRDA:706,67,0,0
BRDA:706,67,1,0
BRDA:706,68,0,0
BRDA:706,68,1,0
BRDA:715,69,0,0
BRDA:715,69,1,0
BRDA:737,70,0,0
BRDA:737,70,1,0
BRDA:769,71,0,0
BRDA:769,71,1,0
BRDA:772,72,0,0
BRDA:772,72,1,0
BRDA:796,73,0,0
BRDA:796,73,1,0
BRDA:796,74,0,0
BRDA:796,74,1,0
BRDA:798,75,0,0
BRDA:798,75,1,0
BRDA:881,76,0,0
BRDA:881,76,1,0
BRDA:892,77,0,0
BRDA:892,77,1,0
BRF:158
BRH:0
end_of_record
TN:
SF:lib/stratum.js
FN:32,(anonymous_0)
FN:36,(anonymous_1)
FN:65,(anonymous_2)
FN:80,(anonymous_3)
FN:80,(anonymous_4)
FN:101,init
FN:112,validateMessage
FN:178,handleMessage
FN:222,handleSubscribe
FN:228,(anonymous_9)
FN:254,handleAuthorize
FN:257,(anonymous_11)
FN:293,handleConfigure
FN:320,handleSubmit
FN:431,(anonymous_14)
FN:451,sendJson
FN:469,setupSocket
FN:475,(anonymous_17)
FN:488,(anonymous_18)
FN:499,(anonymous_19)
FN:530,(anonymous_20)
FN:533,(anonymous_21)
FN:546,(anonymous_22)
FN:556,(anonymous_23)
FN:567,(anonymous_24)
FN:589,(anonymous_25)
FN:620,(anonymous_26)
FN:628,(anonymous_27)
FN:662,StratumServer
FN:683,checkBan
FN:705,(anonymous_30)
FN:722,(anonymous_31)
FN:725,(anonymous_32)
FN:727,(anonymous_33)
FN:740,(anonymous_34)
FN:748,(anonymous_35)
FN:755,init
FN:759,(anonymous_37)
FN:773,(anonymous_38)
FN:774,(anonymous_39)
FN:776,(anonymous_40)
FN:792,(anonymous_41)
FN:807,(anonymous_42)
FN:815,(anonymous_43)
FN:826,(anonymous_44)
FNF:45
FNH:0
FNDA:0,(anonymous_0)
FNDA:0,(anonymous_1)
FNDA:0,(anonymous_2)
FNDA:0,(anonymous_3)
FNDA:0,(anonymous_4)
FNDA:0,init
FNDA:0,validateMessage
FNDA:0,handleMessage
FNDA:0,handleSubscribe
FNDA:0,(anonymous_9)
FNDA:0,handleAuthorize
FNDA:0,(anonymous_11)
FNDA:0,handleConfigure
FNDA:0,handleSubmit
FNDA:0,(anonymous_14)
FNDA:0,sendJson
FNDA:0,setupSocket
FNDA:0,(anonymous_17)
FNDA:0,(anonymous_18)
FNDA:0,(anonymous_19)
FNDA:0,(anonymous_20)
FNDA:0,(anonymous_21)
FNDA:0,(anonymous_22)
FNDA:0,(anonymous_23)
FNDA:0,(anonymous_24)
FNDA:0,(anonymous_25)
FNDA:0,(anonymous_26)
FNDA:0,(anonymous_27)
FNDA:0,StratumServer
FNDA:0,checkBan
FNDA:0,(anonymous_30)
FNDA:0,(anonymous_31)
FNDA:0,(anonymous_32)
FNDA:0,(anonymous_33)
FNDA:0,(anonymous_34)
FNDA:0,(anonymous_35)
FNDA:0,init
FNDA:0,(anonymous_37)
FNDA:0,(anonymous_38)
FNDA:0,(anonymous_39)
FNDA:0,(anonymous_40)
FNDA:0,(anonymous_41)
FNDA:0,(anonymous_42)
FNDA:0,(anonymous_43)
FNDA:0,(anonymous_44)
DA:7,0
DA:8,0
DA:10,0
DA:13,0
DA:14,0
DA:15,0
DA:32,0
DA:33,0
DA:34,0
DA:35,0
DA:37,0
DA:38,0
DA:39,0
DA:65,0
DA:66,0
DA:68,0
DA:70,0
DA:72,0
DA:74,0
DA:76,0
DA:78,0
DA:80,0
DA:81,0
DA:82,0
DA:83,0
DA:84,0
DA:85,0
DA:86,0
DA:87,0
DA:89,0
DA:90,0
DA:91,0
DA:94,0
DA:101,0
DA:102,0
DA:114,0
DA:115,0
DA:119,0
DA:120,0
DA:123,0
DA:124,0
DA:128,0
DA:129,0
DA:130,0
DA:132,0
DA:133,0
DA:138,0
DA:139,0
DA:140,0
DA:142,0
DA:143,0
DA:147,0
DA:148,0
DA:151,0
DA:152,0
DA:153,0
DA:156,0
DA:157,0
DA:162,0
DA:163,0
DA:168,0
DA:179,0
DA:181,0
DA:182,0
DA:184,0
DA:185,0
DA:187,0
DA:188,0
DA:189,0
DA:191,0
DA:196,0
DA:199,0
DA:200,0
DA:203,0
DA:204,0
DA:209,0
DA:211,0
DA:212,0
DA:223,0
DA:224,0
DA:226,0
DA:229,0
DA:230,0
DA:235,0
DA:237,0
DA:238,0
DA:255,0
DA:256,0
DA:257,0
DA:258,0
DA:260,0
DA:261,0
DA:269,0
DA:270,0
DA:272,0
DA:280,0
DA:281,0
DA:295,0
DA:298,0
DA:299,0
DA:300,0
DA:301,0
DA:302,0
DA:306,0
DA:321,0
DA:322,0
DA:327,0
DA:328,0
DA:330,0
DA:331,0
DA:336,0
DA:337,0
DA:341,0
DA:342,0
DA:347,0
DA:348,0
DA:352,0
DA:353,0
DA:354,0
DA:355,0
DA:356,0
DA:357,0
DA:360,0
DA:361,0
DA:366,0
DA:367,0
DA:370,0
DA:371,0
DA:376,0
DA:377,0
DA:380,0
DA:381,0
DA:386,0
DA:387,0
DA:390,0
DA:391,0
DA:396,0
DA:397,0
DA:400,0
DA:401,0
DA:406,0
DA:407,0
DA:411,0
DA:412,0
DA:413,0
DA:418,0
DA:419,0
DA:422,0
DA:432,0
DA:433,0
DA:452,0
DA:453,0
DA:454,0
DA:456,0
DA:470,0
DA:471,0
DA:472,0
DA:474,0
DA:475,0
DA:476,0
DA:477,0
DA:480,0
DA:482,0
DA:486,0
DA:488,0
DA:489,0
DA:490,0
DA:491,0
DA:492,0
DA:493,0
DA:494,0
DA:496,0
DA:497,0
DA:498,0
DA:499,0
DA:500,0
DA:502,0
DA:503,0
DA:505,0
DA:506,0
DA:507,0
DA:509,0
DA:512,0
DA:513,0
DA:514,0
DA:515,0
DA:516,0
DA:521,0
DA:522,0
DA:524,0
DA:527,0
DA:530,0
DA:531,0
DA:533,0
DA:534,0
DA:535,0
DA:546,0
DA:547,0
DA:556,0
DA:557,0
DA:558,0
DA:567,0
DA:568,0
DA:569,0
DA:571,0
DA:572,0
DA:573,0
DA:578,0
DA:589,0
DA:591,0
DA:592,0
DA:593,0
DA:594,0
DA:595,0
DA:598,0
DA:599,0
DA:600,0
DA:601,0
DA:602,0
DA:605,0
DA:620,0
DA:621,0
DA:628,0
DA:629,0
DA:630,0
DA:631,0
DA:634,0
DA:662,0
DA:668,0
DA:670,0
DA:671,0
DA:672,0
DA:674,0
DA:684,0
DA:685,0
DA:686,0
DA:687,0
DA:688,0
DA:689,0
DA:690,0
DA:693,0
DA:694,0
DA:705,0
DA:707,0
DA:708,0
DA:709,0
DA:720,0
DA:721,0
DA:722,0
DA:723,0
DA:724,0
DA:726,0
DA:728,0
DA:730,0
DA:740,0
DA:741,0
DA:742,0
DA:743,0
DA:747,0
DA:748,0
DA:749,0
DA:755,0
DA:758,0
DA:759,0
DA:760,0
DA:761,0
DA:762,0
DA:763,0
DA:772,0
DA:773,0
DA:774,0
DA:775,0
DA:777,0
DA:778,0
DA:779,0
DA:792,0
DA:793,0
DA:807,0
DA:808,0
DA:815,0
DA:816,0
DA:826,0
DA:827,0
DA:828,0
DA:829,0
DA:830,0
DA:835,0
LF:287
LH:0
BRDA:38,0,0,0
BRDA:38,0,1,0
BRDA:80,1,0,0
BRDA:80,1,1,0
BRDA:80,2,0,0
BRDA:80,2,1,0
BRDA:81,3,0,0
BRDA:81,3,1,0
BRDA:84,4,0,0
BRDA:84,4,1,0
BRDA:86,5,0,0
BRDA:86,5,1,0
BRDA:114,6,0,0
BRDA:114,6,1,0
BRDA:114,7,0,0
BRDA:114,7,1,0
BRDA:119,8,0,0
BRDA:119,8,1,0
BRDA:119,9,0,0
BRDA:119,9,1,0
BRDA:123,10,0,0
BRDA:123,10,1,0
BRDA:128,11,0,0
BRDA:128,11,1,0
BRDA:128,12,0,0
BRDA:128,12,1,0
BRDA:129,13,0,0
BRDA:129,13,1,0
BRDA:129,14,0,0
BRDA:129,14,1,0
BRDA:132,15,0,0
BRDA:132,15,1,0
BRDA:132,16,0,0
BRDA:132,16,1,0
BRDA:138,17,0,0
BRDA:138,17,1,0
BRDA:139,18,0,0
BRDA:139,18,1,0
BRDA:142,19,0,0
BRDA:142,19,1,0
BRDA:151,20,0,0
BRDA:151,20,1,0
BRDA:152,21,0,0
BRDA:152,21,1,0
BRDA:156,22,0,0
BRDA:156,22,1,0
BRDA:162,23,0,0
BRDA:162,23,1,0
BRDA:162,24,0,0
BRDA:162,24,1,0
BRDA:179,25,0,0
BRDA:179,25,1,0
BRDA:179,25,2,0
BRDA:179,25,3,0
BRDA:179,25,4,0
BRDA:179,25,5,0
BRDA:179,25,6,0
BRDA:223,26,0,0
BRDA:223,26,1,0
BRDA:229,27,0,0
BRDA:229,27,1,0
BRDA:258,28,0,0
BRDA:258,28,1,0
BRDA:260,29,0,0
BRDA:260,29,1,0
BRDA:269,30,0,0
BRDA:269,30,1,0
BRDA:269,31,0,0
BRDA:269,31,1,0
BRDA:280,32,0,0
BRDA:280,32,1,0
BRDA:298,33,0,0
BRDA:298,33,1,0
BRDA:298,34,0,0
BRDA:298,34,1,0
BRDA:299,35,0,0
BRDA:299,35,1,0
BRDA:321,36,0,0
BRDA:321,36,1,0
BRDA:330,37,0,0
BRDA:330,37,1,0
BRDA:341,38,0,0
BRDA:341,38,1,0
BRDA:341,39,0,0
BRDA:341,39,1,0
BRDA:360,40,0,0
BRDA:360,40,1,0
BRDA:360,41,0,0
BRDA:360,41,1,0
BRDA:370,42,0,0
BRDA:370,42,1,0
BRDA:370,43,0,0
BRDA:370,43,1,0
BRDA:380,44,0,0
BRDA:380,44,1,0
BRDA:380,45,0,0
BRDA:380,45,1,0
BRDA:390,46,0,0
BRDA:390,46,1,0
BRDA:390,47,0,0
BRDA:390,47,1,0
BRDA:400,48,0,0
BRDA:400,48,1,0
BRDA:400,49,0,0
BRDA:400,49,1,0
BRDA:411,50,0,0
BRDA:411,50,1,0
BRDA:411,51,0,0
BRDA:411,51,1,0
BRDA:412,52,0,0
BRDA:412,52,1,0
BRDA:412,53,0,0
BRDA:412,53,1,0
BRDA:432,54,0,0
BRDA:432,54,1,0
BRDA:474,55,0,0
BRDA:474,55,1,0
BRDA:476,56,0,0
BRDA:476,56,1,0
BRDA:490,57,0,0
BRDA:490,57,1,0
BRDA:496,58,0,0
BRDA:496,58,1,0
BRDA:498,59,0,0
BRDA:498,59,1,0
BRDA:500,60,0,0
BRDA:500,60,1,0
BRDA:505,61,0,0
BRDA:505,61,1,0
BRDA:505,62,0,0
BRDA:505,62,1,0
BRDA:512,63,0,0
BRDA:512,63,1,0
BRDA:514,64,0,0
BRDA:514,64,1,0
BRDA:517,65,0,0
BRDA:517,65,1,0
BRDA:534,66,0,0
BRDA:534,66,1,0
BRDA:547,67,0,0
BRDA:547,67,1,0
BRDA:568,68,0,0
BRDA:568,68,1,0
BRDA:592,69,0,0
BRDA:592,69,1,0
BRDA:598,70,0,0
BRDA:598,70,1,0
BRDA:601,71,0,0
BRDA:601,71,1,0
BRDA:668,72,0,0
BRDA:668,72,1,0
BRDA:684,73,0,0
BRDA:684,73,1,0
BRDA:684,74,0,0
BRDA:684,74,1,0
BRDA:684,74,2,0
BRDA:688,75,0,0
BRDA:688,75,1,0
BRDA:758,76,0,0
BRDA:758,76,1,0
BRDA:758,77,0,0
BRDA:758,77,1,0
BRDA:762,78,0,0
BRDA:762,78,1,0
BRDA:778,79,0,0
BRDA:778,79,1,0
BRDA:828,80,0,0
BRDA:828,80,1,0
BRF:168
BRH:0
end_of_record
TN:
SF:lib/transactions.js
FN:135,(anonymous_0)
FN:249,(anonymous_1)
FNF:2
FNH:2
FNDA:9,(anonymous_0)
FNDA:9,(anonymous_1)
DA:7,2
DA:135,2
DA:137,9
DA:138,9
DA:140,9
DA:145,9
DA:146,0
DA:147,0
DA:149,0
DA:150,0
DA:151,0
DA:153,0
DA:154,0
DA:159,0
DA:160,0
DA:161,0
DA:163,0
DA:164,0
DA:165,0
DA:167,0
DA:168,0
DA:177,9
DA:178,0
DA:180,0
DA:181,0
DA:183,0
DA:186,0
DA:187,0
DA:189,0
DA:190,0
DA:199,9
DA:200,3
DA:201,3
DA:203,3
DA:211,9
DA:217,9
DA:218,1
DA:219,1
DA:226,9
DA:249,2
DA:251,9
DA:252,9
DA:253,9
DA:254,9
DA:256,9
DA:257,9
DA:258,9
DA:261,9
DA:265,9
DA:270,9
DA:278,9
DA:281,9
DA:283,9
DA:303,9
DA:305,9
DA:318,9
LF:56
LH:33
BRDA:145,0,0,0
BRDA:145,0,1,9
BRDA:145,1,0,9
BRDA:145,1,1,1
BRDA:146,2,0,0
BRDA:146,2,1,0
BRDA:159,3,0,0
BRDA:159,3,1,0
BRDA:177,4,0,0
BRDA:177,4,1,9
BRDA:180,5,0,0
BRDA:180,5,1,0
BRDA:217,6,0,1
BRDA:217,6,1,8
BRDA:253,7,0,1
BRDA:253,7,1,8
BRDA:261,8,0,1
BRDA:261,8,1,8
BRDA:265,9,0,1
BRDA:265,9,1,8
BRDA:278,10,0,1
BRDA:278,10,1,8
BRF:22
BRH:14
end_of_record
TN:
SF:lib/util.js
FN:22,(anonymous_0)
FN:52,(anonymous_1)
FN:75,(anonymous_2)
FN:89,(anonymous_3)
FN:100,(anonymous_4)
FN:114,(anonymous_5)
FN:126,(anonymous_6)
FN:139,(anonymous_7)
FN:160,(anonymous_8)
FN:173,(anonymous_9)
FN:203,(anonymous_10)
FN:218,(anonymous_11)
FN:267,(anonymous_12)
FN:303,(anonymous_13)
FN:315,(anonymous_14)
FN:327,(anonymous_15)
FN:339,(anonymous_16)
FN:351,(anonymous_17)
FN:364,(anonymous_18)
FN:382,(anonymous_19)
FN:412,(anonymous_20)
FN:432,(anonymous_21)
FN:446,(anonymous_22)
FN:481,(anonymous_23)
FN:502,(anonymous_24)
FN:543,(anonymous_25)
FN:563,(anonymous_26)
FN:583,(anonymous_27)
FN:595,(anonymous_28)
FN:612,(anonymous_29)
FNF:30
FNH:18
FNDA:3,(anonymous_0)
FNDA:3,(anonymous_1)
FNDA:19,(anonymous_2)
FNDA:9,(anonymous_3)
FNDA:21,(anonymous_4)
FNDA:1,(anonymous_5)
FNDA:8,(anonymous_6)
FNDA:10,(anonymous_7)
FNDA:0,(anonymous_8)
FNDA:46,(anonymous_9)
FNDA:0,(anonymous_10)
FNDA:20,(anonymous_11)
FNDA:10,(anonymous_12)
FNDA:0,(anonymous_13)
FNDA:0,(anonymous_14)
FNDA:1,(anonymous_15)
FNDA:37,(anonymous_16)
FNDA:1,(anonymous_17)
FNDA:16,(anonymous_18)
FNDA:5,(anonymous_19)
FNDA:0,(anonymous_20)
FNDA:0,(anonymous_21)
FNDA:9,(anonymous_22)
FNDA:5,(anonymous_23)
FNDA:0,(anonymous_24)
FNDA:0,(anonymous_25)
FNDA:0,(anonymous_26)
FNDA:0,(anonymous_27)
FNDA:0,(anonymous_28)
FNDA:0,(anonymous_29)
DA:7,6
DA:9,6
DA:10,6
DA:11,6
DA:22,6
DA:23,3
DA:24,3
DA:25,2
DA:26,2
DA:27,2
DA:28,2
DA:31,2
DA:32,1
DA:35,1
DA:38,1
DA:52,6
DA:53,3
DA:56,3
DA:57,1
DA:58,1
DA:60,0
DA:64,2
DA:65,2
DA:75,6
DA:76,19
DA:77,19
DA:78,19
DA:89,6
DA:90,9
DA:100,6
DA:101,21
DA:102,21
DA:103,586
DA:104,21
DA:114,6
DA:115,1
DA:126,6
DA:127,64
DA:128,8
DA:139,6
DA:141,10
DA:143,10
DA:144,9
DA:145,9
DA:146,9
DA:147,9
DA:150,10
DA:160,6
DA:161,0
DA:173,6
DA:174,46
DA:175,42
DA:176,4
DA:177,1
DA:178,1
DA:179,1
DA:180,1
DA:182,3
DA:183,1
DA:184,1
DA:185,1
DA:186,1
DA:189,2
DA:190,2
DA:191,2
DA:192,2
DA:203,6
DA:204,0
DA:205,0
DA:218,6
DA:244,20
DA:245,19
DA:246,19
DA:247,19
DA:249,46
DA:250,46
DA:252,19
DA:253,19
DA:254,19
DA:267,6
DA:269,10
DA:270,10
DA:274,0
DA:275,0
DA:280,0
DA:281,0
DA:287,0
DA:303,6
DA:304,0
DA:305,0
DA:306,0
DA:315,6
DA:316,0
DA:317,0
DA:318,0
DA:327,6
DA:328,1
DA:329,1
DA:330,1
DA:339,6
DA:340,37
DA:341,37
DA:342,37
DA:351,6
DA:352,1
DA:353,1
DA:354,1
DA:364,6
DA:365,16
DA:366,16
DA:367,16
DA:368,16
DA:382,6
DA:383,5
DA:384,1
DA:385,1
DA:387,5
DA:388,2
DA:390,5
DA:391,1
DA:393,4
DA:394,4
DA:395,18
DA:397,4
DA:412,6
DA:413,0
DA:414,0
DA:415,0
DA:417,0
DA:418,0
DA:419,0
DA:420,0
DA:421,0
DA:432,6
DA:433,0
DA:434,0
DA:446,6
DA:447,9
DA:450,9
DA:451,1
DA:453,1
DA:455,0
DA:456,0
DA:461,8
DA:463,8
DA:464,0
DA:465,0
DA:468,8
DA:470,8
DA:481,6
DA:482,5
DA:483,5
DA:484,5
DA:485,11
DA:486,11
DA:488,5
DA:502,6
DA:505,0
DA:508,0
DA:511,0
DA:514,0
DA:516,0
DA:518,0
DA:521,0
DA:524,0
DA:525,0
DA:526,0
DA:531,0
DA:543,6
DA:544,0
DA:545,0
DA:547,0
DA:549,0
DA:550,0
DA:551,0
DA:563,6
DA:564,0
DA:565,0
DA:566,0
DA:573,0
DA:583,6
DA:584,0
DA:585,0
DA:595,6
DA:596,0
DA:597,0
DA:598,0
DA:599,0
DA:600,0
DA:601,0
DA:612,6
DA:613,0
LF:192
LH:133
BRDA:31,0,0,1
BRDA:31,0,1,1
BRDA:56,1,0,1
BRDA:56,1,1,1
BRDA:143,2,0,9
BRDA:143,2,1,1
BRDA:174,3,0,42
BRDA:174,3,1,4
BRDA:176,4,0,1
BRDA:176,4,1,3
BRDA:182,5,0,1
BRDA:182,5,1,2
BRDA:244,6,0,1
BRDA:244,6,1,19
BRDA:244,7,0,20
BRDA:244,7,1,20
BRDA:269,8,0,10
BRDA:269,8,1,0
BRDA:274,9,0,0
BRDA:274,9,1,0
BRDA:280,10,0,0
BRDA:280,10,1,0
BRDA:383,11,0,1
BRDA:383,11,1,4
BRDA:387,12,0,2
BRDA:387,12,1,3
BRDA:390,13,0,1
BRDA:390,13,1,4
BRDA:390,14,0,5
BRDA:390,14,1,4
BRDA:390,14,2,4
BRDA:390,14,3,1
BRDA:394,15,0,16
BRDA:394,15,1,6
BRDA:413,16,0,0
BRDA:413,16,1,0
BRDA:450,17,0,1
BRDA:450,17,1,7
BRDA:463,18,0,0
BRDA:463,18,1,8
BRDA:547,19,0,0
BRDA:547,19,1,0
BRF:42
BRH:32
end_of_record
TN:
SF:lib/varDiff.js
FN:19,RingBuffer
FN:23,(anonymous_1)
FN:37,(anonymous_2)
FN:38,(anonymous_3)
FN:41,(anonymous_4)
FN:44,(anonymous_5)
FN:60,toFixed
FN:80,varDiff
FN:103,(anonymous_8)
FN:116,(anonymous_9)
FNF:10
FNH:2
FNDA:0,RingBuffer
FNDA:0,(anonymous_1)
FNDA:0,(anonymous_2)
FNDA:0,(anonymous_3)
FNDA:0,(anonymous_4)
FNDA:0,(anonymous_5)
FNDA:0,toFixed
FNDA:22,varDiff
FNDA:16,(anonymous_8)
FNDA:0,(anonymous_9)
DA:9,1
DA:20,0
DA:21,0
DA:22,0
DA:23,0
DA:24,0
DA:25,0
DA:26,0
DA:29,0
DA:30,0
DA:31,0
DA:32,0
DA:33,0
DA:37,0
DA:38,0
DA:39,0
DA:41,0
DA:42,0
DA:44,0
DA:45,0
DA:46,0
DA:47,0
DA:61,0
DA:80,1
DA:81,22
DA:87,22
DA:90,22
DA:91,22
DA:92,22
DA:103,22
DA:105,16
DA:107,16
DA:108,16
DA:110,16
DA:116,16
DA:118,0
DA:120,0
DA:121,0
DA:122,0
DA:123,0
DA:124,0
DA:127,0
DA:129,0
DA:130,0
DA:132,0
DA:133,0
DA:135,0
DA:136,0
DA:137,0
DA:139,0
DA:140,0
DA:141,0
DA:143,0
DA:144,0
DA:146,0
DA:147,0
DA:148,0
DA:150,0
DA:151,0
DA:152,0
DA:156,0
DA:159,0
DA:160,0
DA:161,0
DA:165,1
LF:65
LH:14
BRDA:24,0,0,0
BRDA:24,0,1,0
BRDA:31,1,0,0
BRDA:31,1,1,0
BRDA:39,2,0,0
BRDA:39,2,1,0
BRDA:42,3,0,0
BRDA:42,3,1,0
BRDA:107,4,0,16
BRDA:107,4,1,0
BRDA:120,5,0,0
BRDA:120,5,1,0
BRDA:132,6,0,0
BRDA:132,6,1,0
BRDA:132,7,0,0
BRDA:132,7,1,0
BRDA:139,8,0,0
BRDA:139,8,1,0
BRDA:139,9,0,0
BRDA:139,9,1,0
BRDA:140,10,0,0
BRDA:140,10,1,0
BRDA:143,11,0,0
BRDA:143,11,1,0
BRDA:146,12,0,0
BRDA:146,12,1,0
BRDA:147,13,0,0
BRDA:147,13,1,0
BRDA:151,14,0,0
BRDA:151,14,1,0
BRF:30
BRH:1
end_of_record
